#
# A fatal error has been detected by the Java Runtime Environment:
#
#  SIGSEGV (0xb) at pc=0x00000001030907a6, pid=14667, tid=0x0000000000000713
#
# JRE version: Java(TM) SE Runtime Environment (8.0_144-b01) (build 1.8.0_144-b01)
# Java VM: Java HotSpot(TM) 64-Bit Server VM (25.144-b01 mixed mode bsd-amd64 compressed oops)
# Problematic frame:
# V  [libjvm.dylib+0x16a7a6]
#
# Failed to write core dump. Core dumps have been disabled. To enable core dumping, try "ulimit -c unlimited" before starting Java again
#
# If you would like to submit a bug report, please visit:
#   http://bugreport.java.com/bugreport/crash.jsp
#

---------------  T H R E A D  ---------------

Current thread is native thread

siginfo: si_signo: 11 (SIGSEGV), si_code: 1 (SEGV_MAPERR), si_addr: 0x0000000000000270

Registers:
RAX=0x0000000000000000, RBX=0x0000000000000000, RCX=0x0000000103757500, RDX=0x0000000000000000
RSP=0x00007fff5cdd4930, RBP=0x00007fff5cdd4940, RSI=0x0000000000000006, RDI=0x00007fff5cdd4950
R8 =0x0000000000000000, R9 =0x0000000000000000, R10=0x00007f9136046de0, R11=0x00000001d9ec5ef0
R12=0x00007f9134aca9f8, R13=0x00007f91361fb150, R14=0x00007f913607c760, R15=0x00007f9134aca9f8
RIP=0x00000001030907a6, EFLAGS=0x0000000000010246, ERR=0x0000000000000006
  TRAPNO=0x000000000000000e

Top of Stack: (sp=0x00007fff5cdd4930)
0x00007fff5cdd4930:   0000000000000000 00007f913607c760
0x00007fff5cdd4940:   00007fff5cdd4970 000000010323aebe
0x00007fff5cdd4950:   0000000000000000 00007f91361f9b20
0x00007fff5cdd4960:   0000000000000008 00007f91361fa800
0x00007fff5cdd4970:   00007fff5cdd4990 00000001d9ec1c30
0x00007fff5cdd4980:   00007f9134aca9f8 00007f9134e00000
0x00007fff5cdd4990:   00007fff5cdd49b0 00000001d9ec1a3a
0x00007fff5cdd49a0:   00007f91361f9b00 00007f91360f0c60
0x00007fff5cdd49b0:   00007fff5cdd4a10 00000001e56d8ff3
0x00007fff5cdd49c0:   00007fff7f2bf070 0000000000000000
0x00007fff5cdd49d0:   40f97750115e4722 0000000000000004
0x00007fff5cdd49e0:   00007fff5cdd4a10 00007fff9a5f10c0
0x00007fff5cdd49f0:   0000000000000000 00007f91361fb150
0x00007fff5cdd4a00:   00007f91361fa800 0000000000000004
0x00007fff5cdd4a10:   00007fff5cdd4a80 00007fff9aa6d537
0x00007fff5cdd4a20:   00007fff5cdd4a60 00000001de38cee0
0x00007fff5cdd4a30:   0000000000000000 00007f9134e00000
0x00007fff5cdd4a40:   00007f91361fa800 0000000000000000
0x00007fff5cdd4a50:   40f97750115e4722 00007f91361fa800
0x00007fff5cdd4a60:   00007fff9a5f10c0 0000000000000018
0x00007fff5cdd4a70:   0000000000000004 0000000000000000
0x00007fff5cdd4a80:   00007fff5cdd4b00 00007fff9aa6d103
0x00007fff5cdd4a90:   006109438069b143 3ff0000000000000
0x00007fff5cdd4aa0:   4079000000000000 4079000000000000
0x00007fff5cdd4ab0:   0000000000000000 0000000000000000
0x00007fff5cdd4ac0:   4079000000000000 4079000000000000
0x00007fff5cdd4ad0:   00000001de3ad340 00007fff5cdd4be0
0x00007fff5cdd4ae0:   00000001de3ad3e8 00007fff97b31f3e
0x00007fff5cdd4af0:   0000000000000001 00000001de3ad340
0x00007fff5cdd4b00:   00007fff5cdd5be0 00007fff9aa137fd
0x00007fff5cdd4b10:   00007fff5cdd5be0 00007fff9aa136bf
0x00007fff5cdd4b20:   00007fff5cdd5be0 00007fff9aa1309e 

Instructions: (pc=0x00000001030907a6)
0x0000000103090786:   0e 48 8b 0b 49 8b 56 18 48 63 c0 48 89 0c c2 5b
0x0000000103090796:   41 5e 5d c3 90 90 55 48 89 e5 41 56 53 48 8b 1f
0x00000001030907a6:   c7 83 70 02 00 00 05 00 00 00 48 8d 05 a1 83 78
0x00000001030907b6:   00 8b 00 83 f8 01 41 89 f6 75 0c 48 8d 0d ee ee 

Register to memory mapping:

RAX=0x0000000000000000 is an unknown value
RBX=0x0000000000000000 is an unknown value
RCX=0x0000000103757500: jni_NativeInterface+0 in /Library/Java/JavaVirtualMachines/jdk1.8.0_144.jdk/Contents/Home/jre/lib/server/libjvm.dylib at 0x0000000102f26000
RDX=0x0000000000000000 is an unknown value
RSP=0x00007fff5cdd4930 is an unknown value
RBP=0x00007fff5cdd4940 is an unknown value
RSI=0x0000000000000006 is an unknown value
RDI=0x00007fff5cdd4950 is an unknown value
R8 =0x0000000000000000 is an unknown value
R9 =0x0000000000000000 is an unknown value
R10=0x00007f9136046de0 is an unknown value
R11=0x00000001d9ec5ef0: OBJC_CLASS_$_JNFWeakJObjectWrapper+0 in /System/Library/Frameworks/JavaVM.framework/Versions/A/Frameworks/JavaNativeFoundation.framework/Versions/A/JavaNativeFoundation at 0x00000001d9ebb000
R12=0x00007f9134aca9f8 is an unknown value
R13=0x00007f91361fb150 is an unknown value
R14=0x00007f913607c760 is a weak global jni handle
R15=0x00007f9134aca9f8 is an unknown value


Stack: [0x00007fff5c5d9000,0x00007fff5cdd9000],  sp=0x00007fff5cdd4930,  free space=8174k
Native frames: (J=compiled Java code, j=interpreted, Vv=VM code, C=native code)
V  [libjvm.dylib+0x16a7a6]
V  [libjvm.dylib+0x314ebe]
C  [JavaNativeFoundation+0x6c30]  -[JNFWeakJObjectWrapper _getWithEnv:]+0x26
C  [JavaNativeFoundation+0x6a3a]  -[JNFJObjectWrapper jObjectWithEnv:]+0x16
C  [libawt_lwawt.dylib+0x1aff3]  -[CGLLayer drawInCGLContext:pixelFormat:forLayerTime:displayTime:]+0xa4
C  [QuartzCore+0x69537]  _ZL17CAOpenGLLayerDrawP13CAOpenGLLayerdPK11CVTimeStampj+0x2b6
C  [QuartzCore+0x69103]  -[CAOpenGLLayer _display]+0x183
C  [QuartzCore+0xf7fd]  _ZN2CA5Layer17display_if_neededEPNS_11TransactionE+0x25b
C  [QuartzCore+0xee81]  _ZN2CA5Layer28layout_and_display_if_neededEPNS_11TransactionE+0x23
C  [QuartzCore+0xe612]  _ZN2CA7Context18commit_transactionEPNS_11TransactionE+0xf2
C  [QuartzCore+0xe3ae]  _ZN2CA11Transaction6commitEv+0x186
C  [QuartzCore+0x1cf19]  _ZN2CA11Transaction17observer_callbackEP19__CFRunLoopObservermPv+0x47
C  [CoreFoundation+0x80127]  __CFRUNLOOP_IS_CALLING_OUT_TO_AN_OBSERVER_CALLBACK_FUNCTION__+0x17
C  [CoreFoundation+0x80080]  __CFRunLoopDoObservers+0x170
C  [CoreFoundation+0x722ba]  __CFRunLoopRun+0x49a
C  [CoreFoundation+0x71bd8]  CFRunLoopRunSpecific+0x128
C  [java+0x6465]  CreateExecutionEnvironment+0x367
C  [java+0x218c]  JLI_Launch+0x7a0
C  [java+0x84c2]  main+0x65
C  [java+0x19e4]  start+0x34


---------------  P R O C E S S  ---------------

VM state:not at safepoint (normal execution)

VM Mutex/Monitor currently owned by a thread: None

Heap:
 PSYoungGen      total 38400K, used 23141K [0x0000000169180000, 0x000000016bc00000, 0x0000000193c00000)
  eden space 33280K, 57% used [0x0000000169180000,0x000000016a43d4d0,0x000000016b200000)
  from space 5120K, 77% used [0x000000016b200000,0x000000016b5dc030,0x000000016b700000)
  to   space 5120K, 0% used [0x000000016b700000,0x000000016b700000,0x000000016bc00000)
 ParOldGen       total 87552K, used 72K [0x0000000113c00000, 0x0000000119180000, 0x0000000169180000)
  object space 87552K, 0% used [0x0000000113c00000,0x0000000113c12010,0x0000000119180000)
 Metaspace       used 19816K, capacity 20550K, committed 20864K, reserved 1067008K
  class space    used 2651K, capacity 2846K, committed 2944K, reserved 1048576K

Card table byte_map: [0x0000000193c00000,0x0000000194001000] byte_map_base: 0x0000000193362000

Marking Bits: (ParMarkBitMap*) 0x00000001038195d0
 Begin Bits: [0x00000001943af000, 0x00000001963af000)
 End Bits:   [0x00000001963af000, 0x00000001983af000)

Polling page: 0x0000000103ff5000

CodeCache: size=245760Kb used=4683Kb max_used=4683Kb free=241076Kb
 bounds [0x0000000104492000, 0x0000000104932000, 0x0000000113492000]
 total_blobs=2239 nmethods=1439 adapters=715
 compilation: enabled

Compilation events (10 events):
Event: 8.032 Thread 0x00007f9134060800 1434       3       sun.java2d.pipe.RenderBuffer::putInt (26 bytes)
Event: 8.033 Thread 0x00007f9134060800 nmethod 1434 0x0000000104924b90 code [0x0000000104924d00, 0x0000000104924e70]
Event: 8.054 Thread 0x00007f9134060800 1435       3       sun.java2d.SunGraphics2D::setColor (108 bytes)
Event: 8.055 Thread 0x00007f9134060800 nmethod 1435 0x0000000104924f10 code [0x00000001049250a0, 0x00000001049255d8]
Event: 8.056 Thread 0x00007f9134060800 1436       1       java.security.AccessControlContext::getCombiner (5 bytes)
Event: 8.056 Thread 0x00007f9134060800 nmethod 1436 0x0000000104925690 code [0x00000001049257e0, 0x00000001049258f0]
Event: 8.056 Thread 0x00007f9134060800 1437       1       java.security.AccessControlContext::getContext (5 bytes)
Event: 8.056 Thread 0x00007f9134060800 nmethod 1437 0x0000000104925950 code [0x0000000104925aa0, 0x0000000104925bb0]
Event: 8.062 Thread 0x00007f9134060800 1438       3       java.lang.invoke.MethodTypeForm::unpack (30 bytes)
Event: 8.062 Thread 0x00007f9134060800 nmethod 1438 0x0000000104925c10 code [0x0000000104925d60, 0x0000000104925ed0]

GC Heap History (2 events):
Event: 2.776 GC heap before
{Heap before GC invocations=1 (full 0):
 PSYoungGen      total 38400K, used 33280K [0x0000000169180000, 0x000000016bc00000, 0x0000000193c00000)
  eden space 33280K, 100% used [0x0000000169180000,0x000000016b200000,0x000000016b200000)
  from space 5120K, 0% used [0x000000016b700000,0x000000016b700000,0x000000016bc00000)
  to   space 5120K, 0% used [0x000000016b200000,0x000000016b200000,0x000000016b700000)
 ParOldGen       total 87552K, used 0K [0x0000000113c00000, 0x0000000119180000, 0x0000000169180000)
  object space 87552K, 0% used [0x0000000113c00000,0x0000000113c00000,0x0000000119180000)
 Metaspace       used 13262K, capacity 13680K, committed 13696K, reserved 1060864K
  class space    used 1762K, capacity 1917K, committed 1920K, reserved 1048576K
Event: 2.790 GC heap after
Heap after GC invocations=1 (full 0):
 PSYoungGen      total 38400K, used 3952K [0x0000000169180000, 0x000000016bc00000, 0x0000000193c00000)
  eden space 33280K, 0% used [0x0000000169180000,0x0000000169180000,0x000000016b200000)
  from space 5120K, 77% used [0x000000016b200000,0x000000016b5dc030,0x000000016b700000)
  to   space 5120K, 0% used [0x000000016b700000,0x000000016b700000,0x000000016bc00000)
 ParOldGen       total 87552K, used 72K [0x0000000113c00000, 0x0000000119180000, 0x0000000169180000)
  object space 87552K, 0% used [0x0000000113c00000,0x0000000113c12010,0x0000000119180000)
 Metaspace       used 13262K, capacity 13680K, committed 13696K, reserved 1060864K
  class space    used 1762K, capacity 1917K, committed 1920K, reserved 1048576K
}

Deoptimization events (10 events):
Event: 2.770 Thread 0x00007f9134aca800 Uncommon trap: reason=class_check action=maybe_recompile pc=0x00000001045ae258 method=java.lang.String.equals(Ljava/lang/Object;)Z @ 8
Event: 2.770 Thread 0x00007f9134aca800 Uncommon trap: reason=class_check action=maybe_recompile pc=0x00000001045ae258 method=java.lang.String.equals(Ljava/lang/Object;)Z @ 8
Event: 3.218 Thread 0x00007f9134aad800 Uncommon trap: reason=unstable_if action=reinterpret pc=0x0000000104751f40 method=sun.net.www.ParseUtil.encodePath(Ljava/lang/String;Z)Ljava/lang/String; @ 109
Event: 5.743 Thread 0x00007f9134aca800 Uncommon trap: reason=unstable_if action=reinterpret pc=0x00000001047daf7c method=jdk.internal.org.objectweb.asm.Type.getArgumentsAndReturnSizes(Ljava/lang/String;)I @ 47
Event: 5.967 Thread 0x00007f9134aca800 Uncommon trap: reason=unstable_if action=reinterpret pc=0x000000010482e430 method=java.util.HashMap.isEmpty()Z @ 4
Event: 5.973 Thread 0x00007f9134aca800 Uncommon trap: reason=unstable_if action=reinterpret pc=0x000000010473f84c method=java.lang.AbstractStringBuilder.append(Ljava/lang/String;)Ljava/lang/AbstractStringBuilder; @ 1
Event: 5.974 Thread 0x00007f9134aca800 Uncommon trap: reason=unstable_if action=reinterpret pc=0x000000010469cdc4 method=java.lang.AbstractStringBuilder.append(Ljava/lang/String;)Ljava/lang/AbstractStringBuilder; @ 1
Event: 5.981 Thread 0x00007f9134aca800 Uncommon trap: reason=unstable_if action=reinterpret pc=0x000000010476d1c0 method=java.util.HashMap.hash(Ljava/lang/Object;)I @ 1
Event: 5.981 Thread 0x00007f9134aca800 Uncommon trap: reason=unstable_if action=reinterpret pc=0x0000000104881970 method=java.util.HashMap.hash(Ljava/lang/Object;)I @ 1
Event: 5.986 Thread 0x00007f9134aca800 Uncommon trap: reason=unstable_if action=reinterpret pc=0x000000010472c1e8 method=java.util.HashMap.hash(Ljava/lang/Object;)I @ 1

Internal exceptions (10 events):
Event: 7.914 Thread 0x00007f9134dba000 Exception <a 'java/lang/IllegalArgumentException': timeout value is negative> (0x000000016a399588) thrown at [/Users/java_re/workspace/8-2-build-macosx-x86_64/jdk8u144/9417/hotspot/src/share/vm/prims/jvm.cpp, line 3176]
Event: 7.930 Thread 0x00007f9134dba000 Exception <a 'java/lang/IllegalArgumentException': timeout value is negative> (0x000000016a39af40) thrown at [/Users/java_re/workspace/8-2-build-macosx-x86_64/jdk8u144/9417/hotspot/src/share/vm/prims/jvm.cpp, line 3176]
Event: 7.947 Thread 0x00007f9134dba000 Exception <a 'java/lang/IllegalArgumentException': timeout value is negative> (0x000000016a39c8f8) thrown at [/Users/java_re/workspace/8-2-build-macosx-x86_64/jdk8u144/9417/hotspot/src/share/vm/prims/jvm.cpp, line 3176]
Event: 7.964 Thread 0x00007f9134dba000 Exception <a 'java/lang/IllegalArgumentException': timeout value is negative> (0x000000016a39e2b0) thrown at [/Users/java_re/workspace/8-2-build-macosx-x86_64/jdk8u144/9417/hotspot/src/share/vm/prims/jvm.cpp, line 3176]
Event: 7.973 Thread 0x00007f9134dba000 Exception <a 'java/lang/IllegalArgumentException': timeout value is negative> (0x000000016a39fc68) thrown at [/Users/java_re/workspace/8-2-build-macosx-x86_64/jdk8u144/9417/hotspot/src/share/vm/prims/jvm.cpp, line 3176]
Event: 7.997 Thread 0x00007f9134dba000 Exception <a 'java/lang/IllegalArgumentException': timeout value is negative> (0x000000016a3a1620) thrown at [/Users/java_re/workspace/8-2-build-macosx-x86_64/jdk8u144/9417/hotspot/src/share/vm/prims/jvm.cpp, line 3176]
Event: 8.017 Thread 0x00007f9134dba000 Exception <a 'java/lang/IllegalArgumentException': timeout value is negative> (0x000000016a3a2fd8) thrown at [/Users/java_re/workspace/8-2-build-macosx-x86_64/jdk8u144/9417/hotspot/src/share/vm/prims/jvm.cpp, line 3176]
Event: 8.031 Thread 0x00007f9134dba000 Exception <a 'java/lang/IllegalArgumentException': timeout value is negative> (0x000000016a3a4990) thrown at [/Users/java_re/workspace/8-2-build-macosx-x86_64/jdk8u144/9417/hotspot/src/share/vm/prims/jvm.cpp, line 3176]
Event: 8.053 Thread 0x00007f9134dba000 Exception <a 'java/lang/IllegalArgumentException': timeout value is negative> (0x000000016a3a6348) thrown at [/Users/java_re/workspace/8-2-build-macosx-x86_64/jdk8u144/9417/hotspot/src/share/vm/prims/jvm.cpp, line 3176]
Event: 8.080 Thread 0x00007f9134dba000 Exception <a 'java/lang/IllegalArgumentException': timeout value is negative> (0x000000016a3fb0f8) thrown at [/Users/java_re/workspace/8-2-build-macosx-x86_64/jdk8u144/9417/hotspot/src/share/vm/prims/jvm.cpp, line 3176]

Events (10 events):
Event: 8.041 loading class javafx/application/Application done
Event: 8.062 loading class com/sun/javafx/tk/quantum/QuantumRenderer
Event: 8.062 loading class com/sun/javafx/tk/quantum/QuantumRenderer done
Event: 8.062 loading class com/sun/javafx/tk/quantum/QuantumToolkit
Event: 8.062 loading class com/sun/javafx/tk/quantum/QuantumToolkit done
Event: 8.062 Thread 0x00007f9134aad800 Thread exited: 0x00007f9134aad800
Event: 8.062 Thread 0x00007f9134bd7000 Thread exited: 0x00007f9134bd7000
Event: 8.063 Thread 0x00007f913480a800 Thread exited: 0x00007f913480a800
Event: 8.063 Thread 0x00007f9134aca800 Thread exited: 0x00007f9134aca800
Event: 8.063 Thread 0x00007f91342d8000 Thread added: 0x00007f91342d8000


Dynamic libraries:
0x000000000d7b8000 	/System/Library/Frameworks/Cocoa.framework/Versions/A/Cocoa
0x000000000d7b8000 	/System/Library/Frameworks/Security.framework/Versions/A/Security
0x000000000d7b8000 	/System/Library/Frameworks/ApplicationServices.framework/Versions/A/ApplicationServices
0x000000000d7b8000 	/usr/lib/libz.1.dylib
0x000000000d7b8000 	/usr/lib/libSystem.B.dylib
0x000000000d7b8000 	/usr/lib/libobjc.A.dylib
0x000000000d7b8000 	/System/Library/Frameworks/CoreFoundation.framework/Versions/A/CoreFoundation
0x000000000d7b8000 	/System/Library/Frameworks/Foundation.framework/Versions/C/Foundation
0x000000000d7b8000 	/System/Library/Frameworks/AppKit.framework/Versions/C/AppKit
0x000000000d7b8000 	/System/Library/Frameworks/CoreData.framework/Versions/A/CoreData
0x000000000d7b8000 	/System/Library/PrivateFrameworks/RemoteViewServices.framework/Versions/A/RemoteViewServices
0x000000000d7b8000 	/System/Library/PrivateFrameworks/UIFoundation.framework/Versions/A/UIFoundation
0x000000000d7b8000 	/System/Library/Frameworks/IOSurface.framework/Versions/A/IOSurface
0x000000000d7b8000 	/System/Library/Frameworks/AudioToolbox.framework/Versions/A/AudioToolbox
0x000000000d7b8000 	/System/Library/Frameworks/AudioUnit.framework/Versions/A/AudioUnit
0x000000000d7b8000 	/System/Library/PrivateFrameworks/DataDetectorsCore.framework/Versions/A/DataDetectorsCore
0x000000000d7b8000 	/System/Library/PrivateFrameworks/DesktopServicesPriv.framework/Versions/A/DesktopServicesPriv
0x000000000d7b8000 	/System/Library/Frameworks/Carbon.framework/Versions/A/Frameworks/HIToolbox.framework/Versions/A/HIToolbox
0x000000000d7b8000 	/System/Library/Frameworks/QuartzCore.framework/Versions/A/QuartzCore
0x000000000d7b8000 	/System/Library/Frameworks/Carbon.framework/Versions/A/Frameworks/SpeechRecognition.framework/Versions/A/SpeechRecognition
0x000000000d7b8000 	/usr/lib/libauto.dylib
0x000000000d7b8000 	/usr/lib/libicucore.A.dylib
0x000000000d7b8000 	/usr/lib/libxml2.2.dylib
0x000000000d7b8000 	/System/Library/PrivateFrameworks/CoreUI.framework/Versions/A/CoreUI
0x000000000d7b8000 	/System/Library/Frameworks/CoreAudio.framework/Versions/A/CoreAudio
0x000000000d7b8000 	/System/Library/Frameworks/DiskArbitration.framework/Versions/A/DiskArbitration
0x000000000d7b8000 	/usr/lib/liblangid.dylib
0x000000000d7b8000 	/System/Library/PrivateFrameworks/MultitouchSupport.framework/Versions/A/MultitouchSupport
0x000000000d7b8000 	/System/Library/Frameworks/IOKit.framework/Versions/A/IOKit
0x000000000d7b8000 	/usr/lib/libDiagnosticMessagesClient.dylib
0x000000000d7b8000 	/System/Library/Frameworks/CoreServices.framework/Versions/A/CoreServices
0x000000000d7b8000 	/System/Library/PrivateFrameworks/PerformanceAnalysis.framework/Versions/A/PerformanceAnalysis
0x000000000d7b8000 	/System/Library/PrivateFrameworks/GenerationalStorage.framework/Versions/A/GenerationalStorage
0x000000000d7b8000 	/System/Library/Frameworks/OpenGL.framework/Versions/A/OpenGL
0x000000000d7b8000 	/System/Library/PrivateFrameworks/Sharing.framework/Versions/A/Sharing
0x000000000d7b8000 	/System/Library/Frameworks/CoreGraphics.framework/Versions/A/CoreGraphics
0x000000000d7b8000 	/System/Library/Frameworks/CoreText.framework/Versions/A/CoreText
0x000000000d7b8000 	/System/Library/Frameworks/ImageIO.framework/Versions/A/ImageIO
0x000000000d7b8000 	/usr/lib/libextension.dylib
0x000000000d7b8000 	/System/Library/PrivateFrameworks/Backup.framework/Versions/A/Backup
0x000000000d7b8000 	/usr/lib/libarchive.2.dylib
0x000000000d7b8000 	/System/Library/Frameworks/CFNetwork.framework/Versions/A/CFNetwork
0x000000000d7b8000 	/System/Library/Frameworks/SystemConfiguration.framework/Versions/A/SystemConfiguration
0x000000000d7b8000 	/usr/lib/libCRFSuite.dylib
0x000000000d7b8000 	/usr/lib/libc++.1.dylib
0x000000000d7b8000 	/usr/lib/libc++abi.dylib
0x000000000d7b8000 	/usr/lib/system/libcache.dylib
0x000000000d7b8000 	/usr/lib/system/libcommonCrypto.dylib
0x000000000d7b8000 	/usr/lib/system/libcompiler_rt.dylib
0x000000000d7b8000 	/usr/lib/system/libcopyfile.dylib
0x000000000d7b8000 	/usr/lib/system/libcorecrypto.dylib
0x000000000d7b8000 	/usr/lib/system/libdispatch.dylib
0x000000000d7b8000 	/usr/lib/system/libdyld.dylib
0x000000000d7b8000 	/usr/lib/system/libkeymgr.dylib
0x000000000d7b8000 	/usr/lib/system/liblaunch.dylib
0x000000000d7b8000 	/usr/lib/system/libmacho.dylib
0x000000000d7b8000 	/usr/lib/system/libquarantine.dylib
0x000000000d7b8000 	/usr/lib/system/libremovefile.dylib
0x000000000d7b8000 	/usr/lib/system/libsystem_asl.dylib
0x000000000d7b8000 	/usr/lib/system/libsystem_blocks.dylib
0x000000000d7b8000 	/usr/lib/system/libsystem_c.dylib
0x000000000d7b8000 	/usr/lib/system/libsystem_configuration.dylib
0x000000000d7b8000 	/usr/lib/system/libsystem_coreservices.dylib
0x000000000d7b8000 	/usr/lib/system/libsystem_coretls.dylib
0x000000000d7b8000 	/usr/lib/system/libsystem_dnssd.dylib
0x000000000d7b8000 	/usr/lib/system/libsystem_info.dylib
0x000000000d7b8000 	/usr/lib/system/libsystem_kernel.dylib
0x000000000d7b8000 	/usr/lib/system/libsystem_m.dylib
0x000000000d7b8000 	/usr/lib/system/libsystem_malloc.dylib
0x000000000d7b8000 	/usr/lib/system/libsystem_network.dylib
0x000000000d7b8000 	/usr/lib/system/libsystem_networkextension.dylib
0x000000000d7b8000 	/usr/lib/system/libsystem_notify.dylib
0x000000000d7b8000 	/usr/lib/system/libsystem_platform.dylib
0x000000000d7b8000 	/usr/lib/system/libsystem_pthread.dylib
0x000000000d7b8000 	/usr/lib/system/libsystem_sandbox.dylib
0x000000000d7b8000 	/usr/lib/system/libsystem_secinit.dylib
0x000000000d7b8000 	/usr/lib/system/libsystem_stats.dylib
0x000000000d7b8000 	/usr/lib/system/libsystem_trace.dylib
0x000000000d7b8000 	/usr/lib/system/libunc.dylib
0x000000000d7b8000 	/usr/lib/system/libunwind.dylib
0x000000000d7b8000 	/usr/lib/system/libxpc.dylib
0x000000000d7b8000 	/usr/lib/libbz2.1.0.dylib
0x000000000d7b8000 	/usr/lib/liblzma.5.dylib
0x000000000d7b8000 	/usr/lib/libbsm.0.dylib
0x000000000d7b8000 	/usr/lib/libsqlite3.dylib
0x000000000d7b8000 	/usr/lib/system/libkxld.dylib
0x000000000d7b8000 	/usr/lib/libxar.1.dylib
0x000000000d7b8000 	/usr/lib/libpam.2.dylib
0x000000000d7b8000 	/usr/lib/libOpenScriptingUtil.dylib
0x000000000d7b8000 	/System/Library/Frameworks/CoreServices.framework/Versions/A/Frameworks/FSEvents.framework/Versions/A/FSEvents
0x000000000d7b8000 	/System/Library/Frameworks/CoreServices.framework/Versions/A/Frameworks/CarbonCore.framework/Versions/A/CarbonCore
0x000000000d7b8000 	/System/Library/Frameworks/CoreServices.framework/Versions/A/Frameworks/Metadata.framework/Versions/A/Metadata
0x000000000d7b8000 	/System/Library/Frameworks/CoreServices.framework/Versions/A/Frameworks/OSServices.framework/Versions/A/OSServices
0x000000000d7b8000 	/System/Library/Frameworks/CoreServices.framework/Versions/A/Frameworks/SearchKit.framework/Versions/A/SearchKit
0x000000000d7b8000 	/System/Library/Frameworks/CoreServices.framework/Versions/A/Frameworks/AE.framework/Versions/A/AE
0x000000000d7b8000 	/System/Library/Frameworks/CoreServices.framework/Versions/A/Frameworks/LaunchServices.framework/Versions/A/LaunchServices
0x000000000d7b8000 	/System/Library/Frameworks/CoreServices.framework/Versions/A/Frameworks/DictionaryServices.framework/Versions/A/DictionaryServices
0x000000000d7b8000 	/System/Library/Frameworks/NetFS.framework/Versions/A/NetFS
0x000000000d7b8000 	/System/Library/PrivateFrameworks/NetAuth.framework/Versions/A/NetAuth
0x000000000d7b8000 	/System/Library/PrivateFrameworks/login.framework/Versions/A/Frameworks/loginsupport.framework/Versions/A/loginsupport
0x000000000d7b8000 	/System/Library/PrivateFrameworks/TCC.framework/Versions/A/TCC
0x000000000d7b8000 	/usr/lib/libmecabra.dylib
0x000000000d7b8000 	/System/Library/Frameworks/ApplicationServices.framework/Versions/A/Frameworks/ATS.framework/Versions/A/ATS
0x000000000d7b8000 	/System/Library/Frameworks/ApplicationServices.framework/Versions/A/Frameworks/ColorSync.framework/Versions/A/ColorSync
0x000000000d7b8000 	/System/Library/Frameworks/ApplicationServices.framework/Versions/A/Frameworks/HIServices.framework/Versions/A/HIServices
0x000000000d7b8000 	/System/Library/Frameworks/ApplicationServices.framework/Versions/A/Frameworks/LangAnalysis.framework/Versions/A/LangAnalysis
0x000000000d7b8000 	/System/Library/Frameworks/ApplicationServices.framework/Versions/A/Frameworks/PrintCore.framework/Versions/A/PrintCore
0x000000000d7b8000 	/System/Library/Frameworks/ApplicationServices.framework/Versions/A/Frameworks/QD.framework/Versions/A/QD
0x000000000d7b8000 	/System/Library/Frameworks/ApplicationServices.framework/Versions/A/Frameworks/SpeechSynthesis.framework/Versions/A/SpeechSynthesis
0x000000000d7b8000 	/System/Library/Frameworks/Accelerate.framework/Versions/A/Accelerate
0x000000000d7b8000 	/System/Library/Frameworks/Accelerate.framework/Versions/A/Frameworks/vImage.framework/Versions/A/vImage
0x000000000d7b8000 	/System/Library/Frameworks/Accelerate.framework/Versions/A/Frameworks/vecLib.framework/Versions/A/vecLib
0x000000000d7b8000 	/System/Library/Frameworks/Accelerate.framework/Versions/A/Frameworks/vecLib.framework/Versions/A/libvDSP.dylib
0x000000000d7b8000 	/System/Library/Frameworks/Accelerate.framework/Versions/A/Frameworks/vecLib.framework/Versions/A/libvMisc.dylib
0x000000000d7b8000 	/System/Library/Frameworks/Accelerate.framework/Versions/A/Frameworks/vecLib.framework/Versions/A/libLAPACK.dylib
0x000000000d7b8000 	/System/Library/Frameworks/Accelerate.framework/Versions/A/Frameworks/vecLib.framework/Versions/A/libBLAS.dylib
0x000000000d7b8000 	/System/Library/Frameworks/Accelerate.framework/Versions/A/Frameworks/vecLib.framework/Versions/A/libLinearAlgebra.dylib
0x000000000d7b8000 	/System/Library/Frameworks/ApplicationServices.framework/Versions/A/Frameworks/ATS.framework/Versions/A/Resources/libFontParser.dylib
0x000000000d7b8000 	/System/Library/Frameworks/ApplicationServices.framework/Versions/A/Frameworks/ATS.framework/Versions/A/Resources/libFontRegistry.dylib
0x000000000d7b8000 	/System/Library/PrivateFrameworks/AppleVPA.framework/Versions/A/AppleVPA
0x000000000d7b8000 	/System/Library/PrivateFrameworks/AppleJPEG.framework/Versions/A/AppleJPEG
0x000000000d7b8000 	/System/Library/Frameworks/ImageIO.framework/Versions/A/Resources/libJPEG.dylib
0x000000000d7b8000 	/System/Library/Frameworks/ImageIO.framework/Versions/A/Resources/libTIFF.dylib
0x000000000d7b8000 	/System/Library/Frameworks/ImageIO.framework/Versions/A/Resources/libPng.dylib
0x000000000d7b8000 	/System/Library/Frameworks/ImageIO.framework/Versions/A/Resources/libGIF.dylib
0x000000000d7b8000 	/System/Library/Frameworks/ImageIO.framework/Versions/A/Resources/libJP2.dylib
0x000000000d7b8000 	/System/Library/Frameworks/ImageIO.framework/Versions/A/Resources/libRadiance.dylib
0x000000000d7b8000 	/System/Library/Frameworks/CoreVideo.framework/Versions/A/CoreVideo
0x000000000d7b8000 	/System/Library/Frameworks/OpenGL.framework/Versions/A/Libraries/libGLU.dylib
0x000000000d7b8000 	/System/Library/Frameworks/OpenGL.framework/Versions/A/Libraries/libGFXShared.dylib
0x000000000d7b8000 	/System/Library/Frameworks/OpenGL.framework/Versions/A/Libraries/libGL.dylib
0x000000000d7b8000 	/System/Library/Frameworks/OpenGL.framework/Versions/A/Libraries/libGLImage.dylib
0x000000000d7b8000 	/System/Library/Frameworks/OpenGL.framework/Versions/A/Libraries/libCVMSPluginSupport.dylib
0x000000000d7b8000 	/System/Library/Frameworks/OpenGL.framework/Versions/A/Libraries/libCoreVMClient.dylib
0x000000000d7b8000 	/usr/lib/libcups.2.dylib
0x000000000d7b8000 	/System/Library/Frameworks/Kerberos.framework/Versions/A/Kerberos
0x000000000d7b8000 	/System/Library/Frameworks/GSS.framework/Versions/A/GSS
0x000000000d7b8000 	/usr/lib/libresolv.9.dylib
0x000000000d7b8000 	/usr/lib/libiconv.2.dylib
0x000000000d7b8000 	/System/Library/PrivateFrameworks/Heimdal.framework/Versions/A/Heimdal
0x000000000d7b8000 	/usr/lib/libheimdal-asn1.dylib
0x000000000d7b8000 	/System/Library/Frameworks/OpenDirectory.framework/Versions/A/OpenDirectory
0x000000000d7b8000 	/System/Library/PrivateFrameworks/CommonAuth.framework/Versions/A/CommonAuth
0x000000000d7b8000 	/System/Library/Frameworks/OpenDirectory.framework/Versions/A/Frameworks/CFOpenDirectory.framework/Versions/A/CFOpenDirectory
0x000000000d7b8000 	/System/Library/Frameworks/SecurityFoundation.framework/Versions/A/SecurityFoundation
0x000000000d7b8000 	/System/Library/PrivateFrameworks/LanguageModeling.framework/Versions/A/LanguageModeling
0x000000000d7b8000 	/usr/lib/libcmph.dylib
0x000000000d7b8000 	/System/Library/Frameworks/ServiceManagement.framework/Versions/A/ServiceManagement
0x000000000d7b8000 	/usr/lib/libxslt.1.dylib
0x000000000d7b8000 	/System/Library/Frameworks/Carbon.framework/Versions/A/Frameworks/Ink.framework/Versions/A/Ink
0x000000000d7b8000 	/System/Library/Frameworks/QuartzCore.framework/Versions/A/Frameworks/CoreImage.framework/Versions/A/CoreImage
0x000000000d7b8000 	/System/Library/PrivateFrameworks/CrashReporterSupport.framework/Versions/A/CrashReporterSupport
0x000000000d7b8000 	/System/Library/Frameworks/OpenCL.framework/Versions/A/OpenCL
0x000000000d7b8000 	/System/Library/PrivateFrameworks/FaceCore.framework/Versions/A/FaceCore
0x000000000d7b8000 	/System/Library/PrivateFrameworks/Ubiquity.framework/Versions/A/Ubiquity
0x000000000d7b8000 	/System/Library/PrivateFrameworks/IconServices.framework/Versions/A/IconServices
0x000000000d7b8000 	/System/Library/PrivateFrameworks/ChunkingLibrary.framework/Versions/A/ChunkingLibrary
0x000000000d7b8000 	/System/Library/PrivateFrameworks/Apple80211.framework/Versions/A/Apple80211
0x000000000d7b8000 	/System/Library/Frameworks/CoreWLAN.framework/Versions/A/CoreWLAN
0x000000000d7b8000 	/System/Library/Frameworks/IOBluetooth.framework/Versions/A/IOBluetooth
0x000000000d7b8000 	/System/Library/PrivateFrameworks/CoreWiFi.framework/Versions/A/CoreWiFi
0x000000000d7b8000 	/System/Library/Frameworks/CoreBluetooth.framework/Versions/A/CoreBluetooth
0x000000000d7b8000 	/System/Library/PrivateFrameworks/DebugSymbols.framework/Versions/A/DebugSymbols
0x000000000d7b8000 	/System/Library/PrivateFrameworks/CoreSymbolication.framework/Versions/A/CoreSymbolication
0x000000000d7b8000 	/System/Library/PrivateFrameworks/Symbolication.framework/Versions/A/Symbolication
0x000000000d7b8000 	/System/Library/PrivateFrameworks/SpeechRecognitionCore.framework/Versions/A/SpeechRecognitionCore
0x0000000102f26000 	/Library/Java/JavaVirtualMachines/jdk1.8.0_144.jdk/Contents/Home/jre/lib/server/libjvm.dylib
0x000000000d7b8000 	/usr/lib/libstdc++.6.dylib
0x0000000103fe7000 	/Library/Java/JavaVirtualMachines/jdk1.8.0_144.jdk/Contents/Home/jre/lib/libverify.dylib
0x0000000104400000 	/Library/Java/JavaVirtualMachines/jdk1.8.0_144.jdk/Contents/Home/jre/lib/libjava.dylib
0x0000000104435000 	/Library/Java/JavaVirtualMachines/jdk1.8.0_144.jdk/Contents/Home/jre/lib/libinstrument.dylib
0x0000000104489000 	/Library/Java/JavaVirtualMachines/jdk1.8.0_144.jdk/Contents/Home/jre/lib/libzip.dylib
0x00000001d9ea5000 	/System/Library/Frameworks/JavaVM.framework/Frameworks/JavaRuntimeSupport.framework/JavaRuntimeSupport
0x00000001d9ebb000 	/System/Library/Frameworks/JavaVM.framework/Versions/A/Frameworks/JavaNativeFoundation.framework/Versions/A/JavaNativeFoundation
0x00000001d9ecf000 	/System/Library/Frameworks/JavaVM.framework/Versions/A/JavaVM
0x000000000d7b8000 	/System/Library/Frameworks/Carbon.framework/Versions/A/Carbon
0x00000001d9edb000 	/System/Library/PrivateFrameworks/JavaLaunching.framework/Versions/A/JavaLaunching
0x000000000d7b8000 	/System/Library/Frameworks/Carbon.framework/Versions/A/Frameworks/CommonPanels.framework/Versions/A/CommonPanels
0x000000000d7b8000 	/System/Library/Frameworks/Carbon.framework/Versions/A/Frameworks/Help.framework/Versions/A/Help
0x000000000d7b8000 	/System/Library/Frameworks/Carbon.framework/Versions/A/Frameworks/ImageCapture.framework/Versions/A/ImageCapture
0x000000000d7b8000 	/System/Library/Frameworks/Carbon.framework/Versions/A/Frameworks/OpenScripting.framework/Versions/A/OpenScripting
0x000000000d7b8000 	/System/Library/Frameworks/Carbon.framework/Versions/A/Frameworks/Print.framework/Versions/A/Print
0x000000000d7b8000 	/System/Library/Frameworks/Carbon.framework/Versions/A/Frameworks/SecurityHI.framework/Versions/A/SecurityHI
0x00000001dba5e000 	/Library/Java/JavaVirtualMachines/jdk1.8.0_144.jdk/Contents/Home/jre/lib/libnet.dylib
0x00000001dc062000 	/Library/Java/JavaVirtualMachines/jdk1.8.0_144.jdk/Contents/Home/jre/lib/libprism_es2.dylib
0x000000000d7b8000 	/System/Library/Frameworks/OpenGL.framework/Versions/A/Resources/GLEngine.bundle/GLEngine
0x000000000d7b8000 	/System/Library/Frameworks/OpenGL.framework/Versions/A/Libraries/libGLProgrammability.dylib
0x0000000000000000 	/System/Library/Extensions/GeForceTeslaGLDriver.bundle/Contents/MacOS/GeForceTeslaGLDriver
0x00000001dc0e4000 	/System/Library/Extensions/GeForceTeslaGLDriver.bundle/Contents/MacOS/libclh.dylib
0x00000001dc92b000 	/System/Library/PrivateFrameworks/GPUSupport.framework/Versions/A/Libraries/libGPUSupport.dylib
0x000000000d7b8000 	/System/Library/Frameworks/OpenGL.framework/Versions/A/Resources/GLRendererFloat.bundle/GLRendererFloat
0x000000000d7b8000 	/System/Library/Frameworks/OpenCL.framework/Versions/A/Libraries/libcldcpuengine.dylib
0x000000000d7b8000 	/System/Library/PrivateFrameworks/DiskImages.framework/Versions/A/DiskImages
0x000000000d7b8000 	/System/Library/Frameworks/DiscRecording.framework/Versions/A/DiscRecording
0x000000000d7b8000 	/usr/lib/libcsfde.dylib
0x000000000d7b8000 	/usr/lib/libcurl.4.dylib
0x000000000d7b8000 	/System/Library/PrivateFrameworks/MediaKit.framework/Versions/A/MediaKit
0x000000000d7b8000 	/System/Library/PrivateFrameworks/ProtectedCloudStorage.framework/Versions/A/ProtectedCloudStorage
0x000000000d7b8000 	/usr/lib/libCoreStorage.dylib
0x000000000d7b8000 	/System/Library/PrivateFrameworks/EFILogin.framework/Versions/A/EFILogin
0x000000000d7b8000 	/usr/lib/libutil.dylib
0x000000000d7b8000 	/System/Library/PrivateFrameworks/FindMyDevice.framework/Versions/A/FindMyDevice
0x000000000d7b8000 	/System/Library/Frameworks/LDAP.framework/Versions/A/LDAP
0x000000000d7b8000 	/usr/lib/libsasl2.2.dylib
0x000000000d7b8000 	/System/Library/PrivateFrameworks/CoreDaemon.framework/Versions/B/CoreDaemon
0x000000000d7b8000 	/usr/lib/libcrypto.0.9.8.dylib
0x000000000d7b8000 	/System/Library/PrivateFrameworks/AppleSRP.framework/Versions/A/AppleSRP
0x000000000d7b8000 	/System/Library/PrivateFrameworks/TrustEvaluationAgent.framework/Versions/A/TrustEvaluationAgent
0x00000001dca7b000 	/Library/Java/JavaVirtualMachines/jdk1.8.0_144.jdk/Contents/Home/jre/lib/libglass.dylib
0x000000000d7b8000 	/System/Library/PrivateFrameworks/CoreServicesInternal.framework/Versions/A/CoreServicesInternal
0x000000000d7b8000 	/System/Library/PrivateFrameworks/CloudDocs.framework/Versions/A/CloudDocs
0x000000000d7b8000 	/System/Library/PrivateFrameworks/CoreDuet.framework/Versions/A/CoreDuet
0x000000000d7b8000 	/System/Library/Frameworks/CloudKit.framework/Versions/A/CloudKit
0x000000000d7b8000 	/System/Library/PrivateFrameworks/ProtocolBuffer.framework/Versions/A/ProtocolBuffer
0x000000000d7b8000 	/System/Library/PrivateFrameworks/CoreDuetDaemonProtocol.framework/Versions/A/CoreDuetDaemonProtocol
0x000000000d7b8000 	/System/Library/PrivateFrameworks/CoreDuetDebugLogging.framework/Versions/A/CoreDuetDebugLogging
0x000000000d7b8000 	/System/Library/PrivateFrameworks/MMCS.framework/Versions/A/MMCS
0x000000000d7b8000 	/System/Library/Frameworks/CoreLocation.framework/Versions/A/CoreLocation
0x000000000d7b8000 	/System/Library/PrivateFrameworks/GeoServices.framework/Versions/A/GeoServices
0x000000000d7b8000 	/System/Library/Frameworks/CoreGraphics.framework/Versions/A/Resources/libCGCMS.A.dylib
0x000000000d7b8000 	/System/Library/CoreServices/RawCamera.bundle/Contents/MacOS/RawCamera
0x000000000d7b8000 	/System/Library/Frameworks/CoreGraphics.framework/Versions/A/Resources/libRIP.A.dylib
0x000000000d7b8000 	/System/Library/PrivateFrameworks/FamilyControls.framework/Versions/A/FamilyControls
0x000000000d7b8000 	/System/Library/PrivateFrameworks/CommerceKit.framework/Versions/A/Frameworks/CommerceCore.framework/Versions/A/CommerceCore
0x000000000d7b8000 	/System/Library/PrivateFrameworks/SystemAdministration.framework/Versions/A/SystemAdministration
0x000000000d7b8000 	/System/Library/PrivateFrameworks/AppContainer.framework/Versions/A/AppContainer
0x000000000d7b8000 	/System/Library/PrivateFrameworks/SecCodeWrapper.framework/Versions/A/SecCodeWrapper
0x000000000d7b8000 	/System/Library/Frameworks/DirectoryService.framework/Versions/A/DirectoryService
0x000000000d7b8000 	/System/Library/PrivateFrameworks/LoginUIKit.framework/Versions/A/Frameworks/LoginUICore.framework/Versions/A/LoginUICore
0x000000000d7b8000 	/usr/lib/libodfde.dylib
0x00000001de36f000 	/Library/Java/JavaVirtualMachines/jdk1.8.0_144.jdk/Contents/Home/jre/lib/libjavafx_font.dylib
0x000000000d7b8000 	/System/Library/Frameworks/CoreGraphics.framework/Versions/A/Resources/libCGXType.A.dylib
0x00000001e0828000 	/Library/Java/JavaVirtualMachines/jdk1.8.0_144.jdk/Contents/Home/jre/lib/libjavafx_iio.dylib
0x00000001e112d000 	cl_kernels
0x00000001e270d000 	/System/Library/Frameworks/OpenCL.framework/Versions/A/Libraries/ImageFormats/unorm8_bgra.dylib
0x00000001e1ed3000 	cl_kernels
0x00000001e36f9000 	/Library/Java/JavaVirtualMachines/jdk1.8.0_144.jdk/Contents/Home/jre/lib/libprism_common.dylib
0x00000001e554a000 	/Library/Java/JavaVirtualMachines/jdk1.8.0_144.jdk/Contents/Home/jre/lib/libawt.dylib
0x00000001e55f2000 	/Library/Java/JavaVirtualMachines/jdk1.8.0_144.jdk/Contents/Home/jre/lib/./libmlib_image.dylib
0x00000001e56be000 	/Library/Java/JavaVirtualMachines/jdk1.8.0_144.jdk/Contents/Home/jre/lib/libawt_lwawt.dylib
0x00000001dc9f6000 	/Library/Java/JavaVirtualMachines/jdk1.8.0_144.jdk/Contents/Home/jre/lib/./libosxapp.dylib
0x000000000d7b8000 	/System/Library/Frameworks/ExceptionHandling.framework/Versions/A/ExceptionHandling
0x00000001e5e71000 	/Library/Java/JavaVirtualMachines/jdk1.8.0_144.jdk/Contents/Home/jre/lib/libfontmanager.dylib
0x00000001e5ed8000 	/Library/Java/JavaVirtualMachines/jdk1.8.0_144.jdk/Contents/Home/jre/lib/libosxui.dylib
0x00000001e6794000 	/Library/Java/JavaVirtualMachines/jdk1.8.0_144.jdk/Contents/Home/jre/lib/libnio.dylib
0x000000000d7b8000 	/System/Library/Frameworks/ApplicationServices.framework/Versions/A/Frameworks/ATS.framework/Versions/A/Resources/libTrueTypeScaler.dylib
0x00000002327f7000 	/Library/Java/JavaVirtualMachines/jdk1.8.0_144.jdk/Contents/Home/jre/lib/libdcpr.dylib

VM Arguments:
jvm_args: -javaagent:/Applications/IntelliJ IDEA CE.app/Contents/lib/idea_rt.jar=56050:/Applications/IntelliJ IDEA CE.app/Contents/bin -Dfile.encoding=UTF-8 
java_command: View.Main
java_class_path (initial): /Library/Java/JavaVirtualMachines/jdk1.8.0_144.jdk/Contents/Home/jre/lib/charsets.jar:/Library/Java/JavaVirtualMachines/jdk1.8.0_144.jdk/Contents/Home/jre/lib/deploy.jar:/Library/Java/JavaVirtualMachines/jdk1.8.0_144.jdk/Contents/Home/jre/lib/ext/cldrdata.jar:/Library/Java/JavaVirtualMachines/jdk1.8.0_144.jdk/Contents/Home/jre/lib/ext/dnsns.jar:/Library/Java/JavaVirtualMachines/jdk1.8.0_144.jdk/Contents/Home/jre/lib/ext/jaccess.jar:/Library/Java/JavaVirtualMachines/jdk1.8.0_144.jdk/Contents/Home/jre/lib/ext/jfxrt.jar:/Library/Java/JavaVirtualMachines/jdk1.8.0_144.jdk/Contents/Home/jre/lib/ext/localedata.jar:/Library/Java/JavaVirtualMachines/jdk1.8.0_144.jdk/Contents/Home/jre/lib/ext/nashorn.jar:/Library/Java/JavaVirtualMachines/jdk1.8.0_144.jdk/Contents/Home/jre/lib/ext/sunec.jar:/Library/Java/JavaVirtualMachines/jdk1.8.0_144.jdk/Contents/Home/jre/lib/ext/sunjce_provider.jar:/Library/Java/JavaVirtualMachines/jdk1.8.0_144.jdk/Contents/Home/jre/lib/ext/sunpkcs11.jar:/Library/Java/JavaVirtualMachines/jdk1.8.0_144.jdk/Contents/Home/jre/lib/ext/zipfs.jar:/Library/Java/JavaVirtualMachines/jdk1.8.0_144.jdk/Contents/Home/jre/lib/javaws.jar:/Library/Java/JavaVirtualMachines/jdk1.8.0_144.jdk/Contents/Home/jre/lib/jce.jar:/Library/Java/JavaVirtualMachines/jdk1.8.0_144.jdk/Contents/Home/jre/lib/jfr.jar:/Library/Java/JavaVirtualMachines/jdk1.8.0_144.jdk/Contents/Home/jre/lib/jfxswt.jar:/Library/Java/JavaVirtualMachines/jdk1.8.0_144.jdk/Contents/Home/jre/lib/jsse.jar:/Library/Java/JavaVirtualMachines/jdk1.8.0_144.jdk/Contents/Home/jre/lib/management-agent.jar:/Library/Java/JavaVirtualMachines/jdk1.8.0_144.jdk/Contents/Home/jre/lib/plugin.jar:/Library/Java/JavaVirtualMachines/jdk1.8.0_144.jdk/Contents/Home/jre/lib/resources.jar:/Library/Java/JavaVirtualMachines/jdk1.8.0_144.jdk/Contents/Home/jre/lib/rt.jar:/Library/Java/JavaVirtualMachines/jdk1.8.0_144.jdk/Contents/Home/lib/ant-javafx.jar:/Library/Java/JavaVirtualMachines/jdk1.8.0_144.jdk/Contents/Home
Launcher Type: SUN_STANDARD

Environment Variables:
PATH=/usr/local/bin:/usr/bin:/bin:/usr/sbin:/sbin
SHELL=/bin/bash

Signal Handlers:
SIGSEGV: [libjvm.dylib+0x5b26e5], sa_mask[0]=11111111011111110111111111111111, sa_flags=SA_ONSTACK|SA_RESTART|SA_SIGINFO
SIGBUS: [libjvm.dylib+0x5b26e5], sa_mask[0]=11111111011111110111111111111111, sa_flags=SA_RESTART|SA_SIGINFO
SIGFPE: [libjvm.dylib+0x489100], sa_mask[0]=11111111011111110111111111111111, sa_flags=SA_RESTART|SA_SIGINFO
SIGPIPE: [libjvm.dylib+0x489100], sa_mask[0]=11111111011111110111111111111111, sa_flags=SA_RESTART|SA_SIGINFO
SIGXFSZ: [libjvm.dylib+0x489100], sa_mask[0]=11111111011111110111111111111111, sa_flags=SA_RESTART|SA_SIGINFO
SIGILL: [libjvm.dylib+0x489100], sa_mask[0]=11111111011111110111111111111111, sa_flags=SA_RESTART|SA_SIGINFO
SIGUSR1: SIG_DFL, sa_mask[0]=00000000000000000000000000000000, sa_flags=none
SIGUSR2: [libjvm.dylib+0x488c1e], sa_mask[0]=00100000000000000000000000000000, sa_flags=SA_RESTART|SA_SIGINFO
SIGHUP: [libjvm.dylib+0x4871f5], sa_mask[0]=11111111011111110111111111111111, sa_flags=SA_RESTART|SA_SIGINFO
SIGINT: [libjvm.dylib+0x4871f5], sa_mask[0]=11111111011111110111111111111111, sa_flags=SA_RESTART|SA_SIGINFO
SIGTERM: [libjvm.dylib+0x4871f5], sa_mask[0]=11111111011111110111111111111111, sa_flags=SA_RESTART|SA_SIGINFO
SIGQUIT: [libjvm.dylib+0x4871f5], sa_mask[0]=11111111011111110111111111111111, sa_flags=SA_RESTART|SA_SIGINFO


---------------  S Y S T E M  ---------------

OS:Bsduname:Darwin 14.5.0 Darwin Kernel Version 14.5.0: Wed Jul 29 02:26:53 PDT 2015; root:xnu-2782.40.9~1/RELEASE_X86_64 x86_64
rlimit: STACK 8192k, CORE 0k, NPROC 709, NOFILE 10240, AS infinity
load average:2.71 3.02 4.07

CPU:total 2 (initial active 2) (2 cores per cpu, 1 threads per core) family 6 model 23 stepping 10, cmov, cx8, fxsr, mmx, sse, sse2, sse3, ssse3, sse4.1, tsc

Memory: 4k page, physical 8388608k(43460k free)

/proc/meminfo:


vm_info: Java HotSpot(TM) 64-Bit Server VM (25.144-b01) for bsd-amd64 JRE (1.8.0_144-b01), built on Jul 21 2017 22:07:42 by "java_re" with gcc 4.2.1 (Based on Apple Inc. build 5658) (LLVM build 2336.11.00)

time: Thu Mar  1 11:02:03 2018
elapsed time: 8 seconds (0d 0h 0m 8s)

