#
# A fatal error has been detected by the Java Runtime Environment:
#
#  SIGSEGV (0xb) at pc=0x000000010c1d2334, pid=16221, tid=0x0000000000000713
#
# JRE version: Java(TM) SE Runtime Environment (8.0_144-b01) (build 1.8.0_144-b01)
# Java VM: Java HotSpot(TM) 64-Bit Server VM (25.144-b01 mixed mode bsd-amd64 compressed oops)
# Problematic frame:
# V  [libjvm.dylib+0x487334]
#
# Failed to write core dump. Core dumps have been disabled. To enable core dumping, try "ulimit -c unlimited" before starting Java again
#
# If you would like to submit a bug report, please visit:
#   http://bugreport.java.com/bugreport/crash.jsp
#

---------------  T H R E A D  ---------------

Current thread is native thread

siginfo: si_signo: 11 (SIGSEGV), si_code: 1 (SEGV_MAPERR), si_addr: 0x0000000000000128

Registers:
RAX=0x0000000000000000, RBX=0x0000000000000000, RCX=0x0000000000000001, RDX=0x0000000000000000
RSP=0x00007fff53faef80, RBP=0x00007fff53faef80, RSI=0x0000000000000000, RDI=0x0000000000000000
R8 =0x00007fff53faf138, R9 =0x00007fff53faf140, R10=0x000000010d415548, R11=0x000000010c230563
R12=0x00007fc1c8c0f000, R13=0x0000000000000000, R14=0x0000000000000000, R15=0x00007fc1c8c0ef90
RIP=0x000000010c1d2334, EFLAGS=0x0000000000010246, ERR=0x0000000000000004
  TRAPNO=0x000000000000000e

Top of Stack: (sp=0x00007fff53faef80)
0x00007fff53faef80:   00007fff53faef90 000000010c2b7e99
0x00007fff53faef90:   00007fff53faf000 000000010c1d339a
0x00007fff53faefa0:   00007fff53faefc0 000000010c09c5b3
0x00007fff53faefb0:   0000000000000004 0000000000000291
0x00007fff53faefc0:   00007fff53faefe0 000000010c09c5d7
0x00007fff53faefd0:   00007fc1c928c800 0000000000000000
0x00007fff53faefe0:   0000000000000000 00000001213efb10
0x00007fff53faeff0:   0000000000000000 00007fc1c928c800
0x00007fff53faf000:   00007fff53faf090 000000010c2cd89b
0x00007fff53faf010:   00007fff00000005 00007fc1c928c800
0x00007fff53faf020:   0000000008000101 00007fc1cb7b06a0
0x00007fff53faf030:   00007fff7f2bf000 0000000000000000
0x00007fff53faf040:   0000000000000000 0000000000000000
0x00007fff53faf050:   0000000000000001 00007fc1c928c9f8
0x00007fff53faf060:   0000000000000000 00007fc1c928c800
0x00007fff53faf070:   00007fc1c928c800 00000001213efb10
0x00007fff53faf080:   00007fff53faf140 00007fc1c928c800
0x00007fff53faf090:   00007fff53faf108 000000010d415574
0x00007fff53faf0a0:   00007fff53faf0e0 000000010c08f883
0x00007fff53faf0b0:   00007fff53faf100 00007fc1c928c800
0x00007fff53faf0c0:   00007fc1c928c800 00007fff53faf0c8
0x00007fff53faf0d0:   0000000000000000 00007fff53faf140
0x00007fff53faf0e0:   000000012141b2a8 0000000000000000
0x00007fff53faf0f0:   00000001213efb10 0000000000000000
0x00007fff53faf100:   00007fff53faf128 00007fff53faf188
0x00007fff53faf110:   000000010d407ffd 0000000000000000
0x00007fff53faf120:   000000010d411278 0000000000000000
0x00007fff53faf130:   000000010d407ffd 0000000000000000
0x00007fff53faf140:   00000007976008d8 00007fff53faf148
0x00007fff53faf150:   000000012174700e 00007fff53faf1a0
0x00007fff53faf160:   0000000121747620 0000000000000000
0x00007fff53faf170:   0000000121747020 00007fff53faf128 

Instructions: (pc=0x000000010c1d2334)
0x000000010c1d2314:   00 0f b6 00 5d c3 55 48 89 e5 48 8d 05 57 24 46
0x000000010c1d2324:   00 0f b6 00 5d c3 55 48 89 e5 5d c3 55 48 89 e5
0x000000010c1d2334:   48 8b 87 28 01 00 00 83 78 14 00 0f 94 c1 0f 95
0x000000010c1d2344:   c2 40 84 f6 74 0b 84 c9 75 07 c7 40 14 00 00 00 

Register to memory mapping:

RAX=0x0000000000000000 is an unknown value
RBX=0x0000000000000000 is an unknown value
RCX=0x0000000000000001 is an unknown value
RDX=0x0000000000000000 is an unknown value
RSP=0x00007fff53faef80 is an unknown value
RBP=0x00007fff53faef80 is an unknown value
RSI=0x0000000000000000 is an unknown value
RDI=0x0000000000000000 is an unknown value
R8 =0x00007fff53faf138 is an unknown value
R9 =0x00007fff53faf140 is an unknown value
R10=0x000000010d415548 is at code_begin+808 in an Interpreter codelet
method entry point (kind = native)  [0x000000010d415220, 0x000000010d415b20]  2304 bytes
R11=0x000000010c230563: throw_unsatisfied_link_error+0 in /Library/Java/JavaVirtualMachines/jdk1.8.0_144.jdk/Contents/Home/jre/lib/server/libjvm.dylib at 0x000000010bd4b000
R12=0x00007fc1c8c0f000 is an unknown value
R13=0x0000000000000000 is an unknown value
R14=0x0000000000000000 is an unknown value
R15=0x00007fc1c8c0ef90 is an unknown value


Stack: [0x00007fff537b4000,0x00007fff53fb4000],  sp=0x00007fff53faef80,  free space=8171k
Native frames: (J=compiled Java code, j=interpreted, Vv=VM code, C=native code)
V  [libjvm.dylib+0x487334]
V  [libjvm.dylib+0x56ce99]
V  [libjvm.dylib+0x48839a]
V  [libjvm.dylib+0x58289b]
j  sun.misc.Unsafe.park(ZJ)V+0
j  java.util.concurrent.locks.LockSupport.park(Ljava/lang/Object;)V+14
j  java.util.concurrent.locks.AbstractQueuedSynchronizer.parkAndCheckInterrupt()Z+1
j  java.util.concurrent.locks.AbstractQueuedSynchronizer.acquireQueued(Ljava/util/concurrent/locks/AbstractQueuedSynchronizer$Node;I)Z+67
J 1293 C1 java.util.concurrent.locks.ReentrantLock$NonfairSync.lock()V (25 bytes) @ 0x000000010d8301f4 [0x000000010d82fda0+0x454]
j  sun.java2d.pipe.RenderQueue.lock()V+0
j  sun.java2d.opengl.CGLLayer.drawInCGLContext()V+5
v  ~StubRoutines::call_stub
V  [libjvm.dylib+0x2ee70a]
V  [libjvm.dylib+0x3258b9]
V  [libjvm.dylib+0x3181d1]
C  [JavaNativeFoundation+0x341e]  JNFCallVoidMethod+0xbb
C  [libawt_lwawt.dylib+0x1b06e]  -[CGLLayer drawInCGLContext:pixelFormat:forLayerTime:displayTime:]+0x11f
C  [QuartzCore+0x69537]  _ZL17CAOpenGLLayerDrawP13CAOpenGLLayerdPK11CVTimeStampj+0x2b6
C  [QuartzCore+0x69103]  -[CAOpenGLLayer _display]+0x183
C  [QuartzCore+0xf7fd]  _ZN2CA5Layer17display_if_neededEPNS_11TransactionE+0x25b
C  [QuartzCore+0xee81]  _ZN2CA5Layer28layout_and_display_if_neededEPNS_11TransactionE+0x23
C  [QuartzCore+0xe612]  _ZN2CA7Context18commit_transactionEPNS_11TransactionE+0xf2
C  [QuartzCore+0xe3ae]  _ZN2CA11Transaction6commitEv+0x186
C  [QuartzCore+0x1cf19]  _ZN2CA11Transaction17observer_callbackEP19__CFRunLoopObservermPv+0x47
C  [CoreFoundation+0x80127]  __CFRUNLOOP_IS_CALLING_OUT_TO_AN_OBSERVER_CALLBACK_FUNCTION__+0x17
C  [CoreFoundation+0x80080]  __CFRunLoopDoObservers+0x170
C  [CoreFoundation+0x722ba]  __CFRunLoopRun+0x49a
C  [CoreFoundation+0x71bd8]  CFRunLoopRunSpecific+0x128
C  [java+0x6465]  CreateExecutionEnvironment+0x367
C  [java+0x218c]  JLI_Launch+0x7a0
C  [java+0x84c2]  main+0x65
C  [java+0x19e4]  start+0x34


---------------  P R O C E S S  ---------------

VM state:not at safepoint (normal execution)

VM Mutex/Monitor currently owned by a thread:  ([mutex/lock_event])
[0x00007fc1c8c0dc10] CompiledIC_lock - owner thread: 0x00007fc1c9094800

Heap:
 PSYoungGen      total 38400K, used 23353K [0x0000000795580000, 0x0000000798000000, 0x00000007c0000000)
  eden space 33280K, 58% used [0x0000000795580000,0x0000000796876460,0x0000000797600000)
  from space 5120K, 76% used [0x0000000797600000,0x00000007979d8040,0x0000000797b00000)
  to   space 5120K, 0% used [0x0000000797b00000,0x0000000797b00000,0x0000000798000000)
 ParOldGen       total 87552K, used 80K [0x0000000740000000, 0x0000000745580000, 0x0000000795580000)
  object space 87552K, 0% used [0x0000000740000000,0x0000000740014010,0x0000000745580000)
 Metaspace       used 19924K, capacity 20646K, committed 20864K, reserved 1067008K
  class space    used 2662K, capacity 2878K, committed 2944K, reserved 1048576K

Card table byte_map: [0x000000011c7c0000,0x000000011cbc1000] byte_map_base: 0x0000000118dc0000

Marking Bits: (ParMarkBitMap*) 0x000000010c63e5d0
 Begin Bits: [0x000000011cf6f000, 0x000000011ef6f000)
 End Bits:   [0x000000011ef6f000, 0x0000000120f6f000)

Polling page: 0x000000010ce38000

CodeCache: size=245760Kb used=4654Kb max_used=4664Kb free=241105Kb
 bounds [0x000000010d400000, 0x000000010d8a0000, 0x000000011c400000]
 total_blobs=2257 nmethods=1454 adapters=719
 compilation: enabled

Compilation events (10 events):
Event: 9.502 Thread 0x00007fc1c9094800 1459       3       java.lang.String::checkBounds (46 bytes)
Event: 9.502 Thread 0x00007fc1c9094800 nmethod 1459 0x000000010d88d410 code [0x000000010d88d5c0, 0x000000010d88da08]
Event: 9.546 Thread 0x00007fc1c9094800 1461       3       java.lang.Math::floor (5 bytes)
Event: 9.546 Thread 0x00007fc1c9094800 nmethod 1461 0x000000010d88ee50 code [0x000000010d88efe0, 0x000000010d88f1a8]
Event: 9.547 Thread 0x00007fc1c9094800 1463       3       java.awt.geom.EllipseIterator::isDone (14 bytes)
Event: 9.547 Thread 0x00007fc1c9094800 nmethod 1463 0x000000010d50ce50 code [0x000000010d50cfc0, 0x000000010d50d170]
Event: 9.547 Thread 0x00007fc1c9094800 1462       3       java.lang.StrictMath::floor (12 bytes)
Event: 9.547 Thread 0x00007fc1c9094800 nmethod 1462 0x000000010d50de90 code [0x000000010d50e020, 0x000000010d50e1a8]
Event: 9.557 Thread 0x00007fc1c9094800 1464       3       sun.java2d.pipe.Region::dimAdd (20 bytes)
Event: 9.558 Thread 0x00007fc1c9094800 nmethod 1464 0x000000010d523f90 code [0x000000010d524100, 0x000000010d5242d0]

GC Heap History (2 events):
Event: 3.104 GC heap before
{Heap before GC invocations=1 (full 0):
 PSYoungGen      total 38400K, used 33280K [0x0000000795580000, 0x0000000798000000, 0x00000007c0000000)
  eden space 33280K, 100% used [0x0000000795580000,0x0000000797600000,0x0000000797600000)
  from space 5120K, 0% used [0x0000000797b00000,0x0000000797b00000,0x0000000798000000)
  to   space 5120K, 0% used [0x0000000797600000,0x0000000797600000,0x0000000797b00000)
 ParOldGen       total 87552K, used 0K [0x0000000740000000, 0x0000000745580000, 0x0000000795580000)
  object space 87552K, 0% used [0x0000000740000000,0x0000000740000000,0x0000000745580000)
 Metaspace       used 13289K, capacity 13748K, committed 13952K, reserved 1060864K
  class space    used 1760K, capacity 1917K, committed 1920K, reserved 1048576K
Event: 3.117 GC heap after
Heap after GC invocations=1 (full 0):
 PSYoungGen      total 38400K, used 3936K [0x0000000795580000, 0x0000000798000000, 0x00000007c0000000)
  eden space 33280K, 0% used [0x0000000795580000,0x0000000795580000,0x0000000797600000)
  from space 5120K, 76% used [0x0000000797600000,0x00000007979d8040,0x0000000797b00000)
  to   space 5120K, 0% used [0x0000000797b00000,0x0000000797b00000,0x0000000798000000)
 ParOldGen       total 87552K, used 80K [0x0000000740000000, 0x0000000745580000, 0x0000000795580000)
  object space 87552K, 0% used [0x0000000740000000,0x0000000740014010,0x0000000745580000)
 Metaspace       used 13289K, capacity 13748K, committed 13952K, reserved 1060864K
  class space    used 1760K, capacity 1917K, committed 1920K, reserved 1048576K
}

Deoptimization events (10 events):
Event: 3.100 Thread 0x00007fc1c928c800 Uncommon trap: reason=class_check action=maybe_recompile pc=0x000000010d51e898 method=java.lang.String.equals(Ljava/lang/Object;)Z @ 8
Event: 3.313 Thread 0x00007fc1c928c800 Uncommon trap: reason=unstable_if action=reinterpret pc=0x000000010d70a104 method=java.util.HashMap.putVal(ILjava/lang/Object;Ljava/lang/Object;ZZ)Ljava/lang/Object; @ 193
Event: 3.702 Thread 0x00007fc1c9a50000 Uncommon trap: reason=unstable_if action=reinterpret pc=0x000000010d6e3f00 method=sun.net.www.ParseUtil.encodePath(Ljava/lang/String;Z)Ljava/lang/String; @ 109
Event: 5.598 Thread 0x00007fc1c928c800 Uncommon trap: reason=unstable_if action=reinterpret pc=0x000000010d75b3bc method=jdk.internal.org.objectweb.asm.Type.getArgumentsAndReturnSizes(Ljava/lang/String;)I @ 47
Event: 5.918 Thread 0x00007fc1c928c800 Uncommon trap: reason=unstable_if action=reinterpret pc=0x000000010d7caa70 method=java.util.HashMap.isEmpty()Z @ 4
Event: 5.924 Thread 0x00007fc1c928c800 Uncommon trap: reason=unstable_if action=reinterpret pc=0x000000010d6d1c38 method=java.lang.AbstractStringBuilder.append(Ljava/lang/String;)Ljava/lang/AbstractStringBuilder; @ 1
Event: 5.925 Thread 0x00007fc1c928c800 Uncommon trap: reason=unstable_if action=reinterpret pc=0x000000010d61fc44 method=java.lang.AbstractStringBuilder.append(Ljava/lang/String;)Ljava/lang/AbstractStringBuilder; @ 1
Event: 5.932 Thread 0x00007fc1c928c800 Uncommon trap: reason=unstable_if action=reinterpret pc=0x000000010d714a40 method=java.util.HashMap.hash(Ljava/lang/Object;)I @ 1
Event: 5.932 Thread 0x00007fc1c928c800 Uncommon trap: reason=unstable_if action=reinterpret pc=0x000000010d77e074 method=java.util.HashMap.hash(Ljava/lang/Object;)I @ 1
Event: 5.937 Thread 0x00007fc1c928c800 Uncommon trap: reason=unstable_if action=reinterpret pc=0x000000010d6d4228 method=java.util.HashMap.hash(Ljava/lang/Object;)I @ 1

Internal exceptions (10 events):
Event: 2.690 Thread 0x00007fc1c928c800 Exception <a 'java/lang/ArrayIndexOutOfBoundsException'> (0x0000000797069ec8) thrown at [/Users/java_re/workspace/8-2-build-macosx-x86_64/jdk8u144/9417/hotspot/src/share/vm/runtime/sharedRuntime.cpp, line 605]
Event: 5.715 Thread 0x00007fc1c928c800 Exception <a 'java/io/FileNotFoundException'> (0x0000000796110e40) thrown at [/Users/java_re/workspace/8-2-build-macosx-x86_64/jdk8u144/9417/hotspot/src/share/vm/prims/jni.cpp, line 709]
Event: 5.715 Thread 0x00007fc1c928c800 Exception <a 'java/io/FileNotFoundException'> (0x0000000796111d70) thrown at [/Users/java_re/workspace/8-2-build-macosx-x86_64/jdk8u144/9417/hotspot/src/share/vm/prims/jni.cpp, line 709]
Event: 5.924 Thread 0x00007fc1c928c800 Implicit null exception at 0x000000010d6d1875 to 0x000000010d6d1c25
Event: 5.925 Thread 0x00007fc1c928c800 Implicit null exception at 0x000000010d61f876 to 0x000000010d61fc2d
Event: 5.932 Thread 0x00007fc1c928c800 Implicit null exception at 0x000000010d7147f5 to 0x000000010d714a31
Event: 5.932 Thread 0x00007fc1c928c800 Implicit null exception at 0x000000010d77d7fb to 0x000000010d77e059
Event: 5.937 Thread 0x00007fc1c928c800 Implicit null exception at 0x000000010d6d41af to 0x000000010d6d4219
Event: 9.525 Thread 0x00007fc1c9000000 Exception <a 'java/lang/IllegalArgumentException': timeout value is negative> (0x000000079684b4a8) thrown at [/Users/java_re/workspace/8-2-build-macosx-x86_64/jdk8u144/9417/hotspot/src/share/vm/prims/jvm.cpp, line 3176]
Event: 9.552 Thread 0x00007fc1c9000000 Exception <a 'java/lang/IllegalArgumentException': timeout value is negative> (0x0000000796853e80) thrown at [/Users/java_re/workspace/8-2-build-macosx-x86_64/jdk8u144/9417/hotspot/src/share/vm/prims/jvm.cpp, line 3176]

Events (10 events):
Event: 9.546 Thread 0x00007fc1c9094800 flushing nmethod 0x000000010d50b510
Event: 9.546 Thread 0x00007fc1c9094800 flushing nmethod 0x000000010d50ce50
Event: 9.546 Thread 0x00007fc1c9094800 flushing nmethod 0x000000010d50dc10
Event: 9.546 Thread 0x00007fc1c9094800 flushing nmethod 0x000000010d50ecd0
Event: 9.546 Thread 0x00007fc1c9094800 flushing nmethod 0x000000010d510190
Event: 9.546 Thread 0x00007fc1c9094800 flushing nmethod 0x000000010d510510
Event: 9.547 Thread 0x00007fc1c9094800 flushing nmethod 0x000000010d523cd0
Event: 9.547 Thread 0x00007fc1c9094800 flushing nmethod 0x000000010d5252d0
Event: 9.547 Thread 0x00007fc1c9094800 flushing nmethod 0x000000010d52ddd0
Event: 9.547 Thread 0x00007fc1c9094800 flushing nmethod 0x000000010d533f50


Dynamic libraries:
0x000000000d7b8000 	/System/Library/Frameworks/Cocoa.framework/Versions/A/Cocoa
0x000000000d7b8000 	/System/Library/Frameworks/Security.framework/Versions/A/Security
0x000000000d7b8000 	/System/Library/Frameworks/ApplicationServices.framework/Versions/A/ApplicationServices
0x000000000d7b8000 	/usr/lib/libz.1.dylib
0x000000000d7b8000 	/usr/lib/libSystem.B.dylib
0x000000000d7b8000 	/usr/lib/libobjc.A.dylib
0x000000000d7b8000 	/System/Library/Frameworks/CoreFoundation.framework/Versions/A/CoreFoundation
0x000000000d7b8000 	/System/Library/Frameworks/Foundation.framework/Versions/C/Foundation
0x000000000d7b8000 	/System/Library/Frameworks/AppKit.framework/Versions/C/AppKit
0x000000000d7b8000 	/System/Library/Frameworks/CoreData.framework/Versions/A/CoreData
0x000000000d7b8000 	/System/Library/PrivateFrameworks/RemoteViewServices.framework/Versions/A/RemoteViewServices
0x000000000d7b8000 	/System/Library/PrivateFrameworks/UIFoundation.framework/Versions/A/UIFoundation
0x000000000d7b8000 	/System/Library/Frameworks/IOSurface.framework/Versions/A/IOSurface
0x000000000d7b8000 	/System/Library/Frameworks/AudioToolbox.framework/Versions/A/AudioToolbox
0x000000000d7b8000 	/System/Library/Frameworks/AudioUnit.framework/Versions/A/AudioUnit
0x000000000d7b8000 	/System/Library/PrivateFrameworks/DataDetectorsCore.framework/Versions/A/DataDetectorsCore
0x000000000d7b8000 	/System/Library/PrivateFrameworks/DesktopServicesPriv.framework/Versions/A/DesktopServicesPriv
0x000000000d7b8000 	/System/Library/Frameworks/Carbon.framework/Versions/A/Frameworks/HIToolbox.framework/Versions/A/HIToolbox
0x000000000d7b8000 	/System/Library/Frameworks/QuartzCore.framework/Versions/A/QuartzCore
0x000000000d7b8000 	/System/Library/Frameworks/Carbon.framework/Versions/A/Frameworks/SpeechRecognition.framework/Versions/A/SpeechRecognition
0x000000000d7b8000 	/usr/lib/libauto.dylib
0x000000000d7b8000 	/usr/lib/libicucore.A.dylib
0x000000000d7b8000 	/usr/lib/libxml2.2.dylib
0x000000000d7b8000 	/System/Library/PrivateFrameworks/CoreUI.framework/Versions/A/CoreUI
0x000000000d7b8000 	/System/Library/Frameworks/CoreAudio.framework/Versions/A/CoreAudio
0x000000000d7b8000 	/System/Library/Frameworks/DiskArbitration.framework/Versions/A/DiskArbitration
0x000000000d7b8000 	/usr/lib/liblangid.dylib
0x000000000d7b8000 	/System/Library/PrivateFrameworks/MultitouchSupport.framework/Versions/A/MultitouchSupport
0x000000000d7b8000 	/System/Library/Frameworks/IOKit.framework/Versions/A/IOKit
0x000000000d7b8000 	/usr/lib/libDiagnosticMessagesClient.dylib
0x000000000d7b8000 	/System/Library/Frameworks/CoreServices.framework/Versions/A/CoreServices
0x000000000d7b8000 	/System/Library/PrivateFrameworks/PerformanceAnalysis.framework/Versions/A/PerformanceAnalysis
0x000000000d7b8000 	/System/Library/PrivateFrameworks/GenerationalStorage.framework/Versions/A/GenerationalStorage
0x000000000d7b8000 	/System/Library/Frameworks/OpenGL.framework/Versions/A/OpenGL
0x000000000d7b8000 	/System/Library/PrivateFrameworks/Sharing.framework/Versions/A/Sharing
0x000000000d7b8000 	/System/Library/Frameworks/CoreGraphics.framework/Versions/A/CoreGraphics
0x000000000d7b8000 	/System/Library/Frameworks/CoreText.framework/Versions/A/CoreText
0x000000000d7b8000 	/System/Library/Frameworks/ImageIO.framework/Versions/A/ImageIO
0x000000000d7b8000 	/usr/lib/libextension.dylib
0x000000000d7b8000 	/System/Library/PrivateFrameworks/Backup.framework/Versions/A/Backup
0x000000000d7b8000 	/usr/lib/libarchive.2.dylib
0x000000000d7b8000 	/System/Library/Frameworks/CFNetwork.framework/Versions/A/CFNetwork
0x000000000d7b8000 	/System/Library/Frameworks/SystemConfiguration.framework/Versions/A/SystemConfiguration
0x000000000d7b8000 	/usr/lib/libCRFSuite.dylib
0x000000000d7b8000 	/usr/lib/libc++.1.dylib
0x000000000d7b8000 	/usr/lib/libc++abi.dylib
0x000000000d7b8000 	/usr/lib/system/libcache.dylib
0x000000000d7b8000 	/usr/lib/system/libcommonCrypto.dylib
0x000000000d7b8000 	/usr/lib/system/libcompiler_rt.dylib
0x000000000d7b8000 	/usr/lib/system/libcopyfile.dylib
0x000000000d7b8000 	/usr/lib/system/libcorecrypto.dylib
0x000000000d7b8000 	/usr/lib/system/libdispatch.dylib
0x000000000d7b8000 	/usr/lib/system/libdyld.dylib
0x000000000d7b8000 	/usr/lib/system/libkeymgr.dylib
0x000000000d7b8000 	/usr/lib/system/liblaunch.dylib
0x000000000d7b8000 	/usr/lib/system/libmacho.dylib
0x000000000d7b8000 	/usr/lib/system/libquarantine.dylib
0x000000000d7b8000 	/usr/lib/system/libremovefile.dylib
0x000000000d7b8000 	/usr/lib/system/libsystem_asl.dylib
0x000000000d7b8000 	/usr/lib/system/libsystem_blocks.dylib
0x000000000d7b8000 	/usr/lib/system/libsystem_c.dylib
0x000000000d7b8000 	/usr/lib/system/libsystem_configuration.dylib
0x000000000d7b8000 	/usr/lib/system/libsystem_coreservices.dylib
0x000000000d7b8000 	/usr/lib/system/libsystem_coretls.dylib
0x000000000d7b8000 	/usr/lib/system/libsystem_dnssd.dylib
0x000000000d7b8000 	/usr/lib/system/libsystem_info.dylib
0x000000000d7b8000 	/usr/lib/system/libsystem_kernel.dylib
0x000000000d7b8000 	/usr/lib/system/libsystem_m.dylib
0x000000000d7b8000 	/usr/lib/system/libsystem_malloc.dylib
0x000000000d7b8000 	/usr/lib/system/libsystem_network.dylib
0x000000000d7b8000 	/usr/lib/system/libsystem_networkextension.dylib
0x000000000d7b8000 	/usr/lib/system/libsystem_notify.dylib
0x000000000d7b8000 	/usr/lib/system/libsystem_platform.dylib
0x000000000d7b8000 	/usr/lib/system/libsystem_pthread.dylib
0x000000000d7b8000 	/usr/lib/system/libsystem_sandbox.dylib
0x000000000d7b8000 	/usr/lib/system/libsystem_secinit.dylib
0x000000000d7b8000 	/usr/lib/system/libsystem_stats.dylib
0x000000000d7b8000 	/usr/lib/system/libsystem_trace.dylib
0x000000000d7b8000 	/usr/lib/system/libunc.dylib
0x000000000d7b8000 	/usr/lib/system/libunwind.dylib
0x000000000d7b8000 	/usr/lib/system/libxpc.dylib
0x000000000d7b8000 	/usr/lib/libbz2.1.0.dylib
0x000000000d7b8000 	/usr/lib/liblzma.5.dylib
0x000000000d7b8000 	/usr/lib/libbsm.0.dylib
0x000000000d7b8000 	/usr/lib/libsqlite3.dylib
0x000000000d7b8000 	/usr/lib/system/libkxld.dylib
0x000000000d7b8000 	/usr/lib/libxar.1.dylib
0x000000000d7b8000 	/usr/lib/libpam.2.dylib
0x000000000d7b8000 	/usr/lib/libOpenScriptingUtil.dylib
0x000000000d7b8000 	/System/Library/Frameworks/CoreServices.framework/Versions/A/Frameworks/FSEvents.framework/Versions/A/FSEvents
0x000000000d7b8000 	/System/Library/Frameworks/CoreServices.framework/Versions/A/Frameworks/CarbonCore.framework/Versions/A/CarbonCore
0x000000000d7b8000 	/System/Library/Frameworks/CoreServices.framework/Versions/A/Frameworks/Metadata.framework/Versions/A/Metadata
0x000000000d7b8000 	/System/Library/Frameworks/CoreServices.framework/Versions/A/Frameworks/OSServices.framework/Versions/A/OSServices
0x000000000d7b8000 	/System/Library/Frameworks/CoreServices.framework/Versions/A/Frameworks/SearchKit.framework/Versions/A/SearchKit
0x000000000d7b8000 	/System/Library/Frameworks/CoreServices.framework/Versions/A/Frameworks/AE.framework/Versions/A/AE
0x000000000d7b8000 	/System/Library/Frameworks/CoreServices.framework/Versions/A/Frameworks/LaunchServices.framework/Versions/A/LaunchServices
0x000000000d7b8000 	/System/Library/Frameworks/CoreServices.framework/Versions/A/Frameworks/DictionaryServices.framework/Versions/A/DictionaryServices
0x000000000d7b8000 	/System/Library/Frameworks/NetFS.framework/Versions/A/NetFS
0x000000000d7b8000 	/System/Library/PrivateFrameworks/NetAuth.framework/Versions/A/NetAuth
0x000000000d7b8000 	/System/Library/PrivateFrameworks/login.framework/Versions/A/Frameworks/loginsupport.framework/Versions/A/loginsupport
0x000000000d7b8000 	/System/Library/PrivateFrameworks/TCC.framework/Versions/A/TCC
0x000000000d7b8000 	/usr/lib/libmecabra.dylib
0x000000000d7b8000 	/System/Library/Frameworks/ApplicationServices.framework/Versions/A/Frameworks/ATS.framework/Versions/A/ATS
0x000000000d7b8000 	/System/Library/Frameworks/ApplicationServices.framework/Versions/A/Frameworks/ColorSync.framework/Versions/A/ColorSync
0x000000000d7b8000 	/System/Library/Frameworks/ApplicationServices.framework/Versions/A/Frameworks/HIServices.framework/Versions/A/HIServices
0x000000000d7b8000 	/System/Library/Frameworks/ApplicationServices.framework/Versions/A/Frameworks/LangAnalysis.framework/Versions/A/LangAnalysis
0x000000000d7b8000 	/System/Library/Frameworks/ApplicationServices.framework/Versions/A/Frameworks/PrintCore.framework/Versions/A/PrintCore
0x000000000d7b8000 	/System/Library/Frameworks/ApplicationServices.framework/Versions/A/Frameworks/QD.framework/Versions/A/QD
0x000000000d7b8000 	/System/Library/Frameworks/ApplicationServices.framework/Versions/A/Frameworks/SpeechSynthesis.framework/Versions/A/SpeechSynthesis
0x000000000d7b8000 	/System/Library/Frameworks/Accelerate.framework/Versions/A/Accelerate
0x000000000d7b8000 	/System/Library/Frameworks/Accelerate.framework/Versions/A/Frameworks/vImage.framework/Versions/A/vImage
0x000000000d7b8000 	/System/Library/Frameworks/Accelerate.framework/Versions/A/Frameworks/vecLib.framework/Versions/A/vecLib
0x000000000d7b8000 	/System/Library/Frameworks/Accelerate.framework/Versions/A/Frameworks/vecLib.framework/Versions/A/libvDSP.dylib
0x000000000d7b8000 	/System/Library/Frameworks/Accelerate.framework/Versions/A/Frameworks/vecLib.framework/Versions/A/libvMisc.dylib
0x000000000d7b8000 	/System/Library/Frameworks/Accelerate.framework/Versions/A/Frameworks/vecLib.framework/Versions/A/libLAPACK.dylib
0x000000000d7b8000 	/System/Library/Frameworks/Accelerate.framework/Versions/A/Frameworks/vecLib.framework/Versions/A/libBLAS.dylib
0x000000000d7b8000 	/System/Library/Frameworks/Accelerate.framework/Versions/A/Frameworks/vecLib.framework/Versions/A/libLinearAlgebra.dylib
0x000000000d7b8000 	/System/Library/Frameworks/ApplicationServices.framework/Versions/A/Frameworks/ATS.framework/Versions/A/Resources/libFontParser.dylib
0x000000000d7b8000 	/System/Library/Frameworks/ApplicationServices.framework/Versions/A/Frameworks/ATS.framework/Versions/A/Resources/libFontRegistry.dylib
0x000000000d7b8000 	/System/Library/PrivateFrameworks/AppleVPA.framework/Versions/A/AppleVPA
0x000000000d7b8000 	/System/Library/PrivateFrameworks/AppleJPEG.framework/Versions/A/AppleJPEG
0x000000000d7b8000 	/System/Library/Frameworks/ImageIO.framework/Versions/A/Resources/libJPEG.dylib
0x000000000d7b8000 	/System/Library/Frameworks/ImageIO.framework/Versions/A/Resources/libTIFF.dylib
0x000000000d7b8000 	/System/Library/Frameworks/ImageIO.framework/Versions/A/Resources/libPng.dylib
0x000000000d7b8000 	/System/Library/Frameworks/ImageIO.framework/Versions/A/Resources/libGIF.dylib
0x000000000d7b8000 	/System/Library/Frameworks/ImageIO.framework/Versions/A/Resources/libJP2.dylib
0x000000000d7b8000 	/System/Library/Frameworks/ImageIO.framework/Versions/A/Resources/libRadiance.dylib
0x000000000d7b8000 	/System/Library/Frameworks/CoreVideo.framework/Versions/A/CoreVideo
0x000000000d7b8000 	/System/Library/Frameworks/OpenGL.framework/Versions/A/Libraries/libGLU.dylib
0x000000000d7b8000 	/System/Library/Frameworks/OpenGL.framework/Versions/A/Libraries/libGFXShared.dylib
0x000000000d7b8000 	/System/Library/Frameworks/OpenGL.framework/Versions/A/Libraries/libGL.dylib
0x000000000d7b8000 	/System/Library/Frameworks/OpenGL.framework/Versions/A/Libraries/libGLImage.dylib
0x000000000d7b8000 	/System/Library/Frameworks/OpenGL.framework/Versions/A/Libraries/libCVMSPluginSupport.dylib
0x000000000d7b8000 	/System/Library/Frameworks/OpenGL.framework/Versions/A/Libraries/libCoreVMClient.dylib
0x000000000d7b8000 	/usr/lib/libcups.2.dylib
0x000000000d7b8000 	/System/Library/Frameworks/Kerberos.framework/Versions/A/Kerberos
0x000000000d7b8000 	/System/Library/Frameworks/GSS.framework/Versions/A/GSS
0x000000000d7b8000 	/usr/lib/libresolv.9.dylib
0x000000000d7b8000 	/usr/lib/libiconv.2.dylib
0x000000000d7b8000 	/System/Library/PrivateFrameworks/Heimdal.framework/Versions/A/Heimdal
0x000000000d7b8000 	/usr/lib/libheimdal-asn1.dylib
0x000000000d7b8000 	/System/Library/Frameworks/OpenDirectory.framework/Versions/A/OpenDirectory
0x000000000d7b8000 	/System/Library/PrivateFrameworks/CommonAuth.framework/Versions/A/CommonAuth
0x000000000d7b8000 	/System/Library/Frameworks/OpenDirectory.framework/Versions/A/Frameworks/CFOpenDirectory.framework/Versions/A/CFOpenDirectory
0x000000000d7b8000 	/System/Library/Frameworks/SecurityFoundation.framework/Versions/A/SecurityFoundation
0x000000000d7b8000 	/System/Library/PrivateFrameworks/LanguageModeling.framework/Versions/A/LanguageModeling
0x000000000d7b8000 	/usr/lib/libcmph.dylib
0x000000000d7b8000 	/System/Library/Frameworks/ServiceManagement.framework/Versions/A/ServiceManagement
0x000000000d7b8000 	/usr/lib/libxslt.1.dylib
0x000000000d7b8000 	/System/Library/Frameworks/Carbon.framework/Versions/A/Frameworks/Ink.framework/Versions/A/Ink
0x000000000d7b8000 	/System/Library/Frameworks/QuartzCore.framework/Versions/A/Frameworks/CoreImage.framework/Versions/A/CoreImage
0x000000000d7b8000 	/System/Library/PrivateFrameworks/CrashReporterSupport.framework/Versions/A/CrashReporterSupport
0x000000000d7b8000 	/System/Library/Frameworks/OpenCL.framework/Versions/A/OpenCL
0x000000000d7b8000 	/System/Library/PrivateFrameworks/FaceCore.framework/Versions/A/FaceCore
0x000000000d7b8000 	/System/Library/PrivateFrameworks/Ubiquity.framework/Versions/A/Ubiquity
0x000000000d7b8000 	/System/Library/PrivateFrameworks/IconServices.framework/Versions/A/IconServices
0x000000000d7b8000 	/System/Library/PrivateFrameworks/ChunkingLibrary.framework/Versions/A/ChunkingLibrary
0x000000000d7b8000 	/System/Library/PrivateFrameworks/Apple80211.framework/Versions/A/Apple80211
0x000000000d7b8000 	/System/Library/Frameworks/CoreWLAN.framework/Versions/A/CoreWLAN
0x000000000d7b8000 	/System/Library/Frameworks/IOBluetooth.framework/Versions/A/IOBluetooth
0x000000000d7b8000 	/System/Library/PrivateFrameworks/CoreWiFi.framework/Versions/A/CoreWiFi
0x000000000d7b8000 	/System/Library/Frameworks/CoreBluetooth.framework/Versions/A/CoreBluetooth
0x000000000d7b8000 	/System/Library/PrivateFrameworks/DebugSymbols.framework/Versions/A/DebugSymbols
0x000000000d7b8000 	/System/Library/PrivateFrameworks/CoreSymbolication.framework/Versions/A/CoreSymbolication
0x000000000d7b8000 	/System/Library/PrivateFrameworks/Symbolication.framework/Versions/A/Symbolication
0x000000000d7b8000 	/System/Library/PrivateFrameworks/SpeechRecognitionCore.framework/Versions/A/SpeechRecognitionCore
0x000000010bd4b000 	/Library/Java/JavaVirtualMachines/jdk1.8.0_144.jdk/Contents/Home/jre/lib/server/libjvm.dylib
0x000000000d7b8000 	/usr/lib/libstdc++.6.dylib
0x000000010cdf5000 	/Library/Java/JavaVirtualMachines/jdk1.8.0_144.jdk/Contents/Home/jre/lib/libverify.dylib
0x000000010ce03000 	/Library/Java/JavaVirtualMachines/jdk1.8.0_144.jdk/Contents/Home/jre/lib/libjava.dylib
0x000000010ce39000 	/Library/Java/JavaVirtualMachines/jdk1.8.0_144.jdk/Contents/Home/jre/lib/libinstrument.dylib
0x000000010ceae000 	/Library/Java/JavaVirtualMachines/jdk1.8.0_144.jdk/Contents/Home/jre/lib/libzip.dylib
0x000000010cfe2000 	/System/Library/Frameworks/JavaVM.framework/Frameworks/JavaRuntimeSupport.framework/JavaRuntimeSupport
0x0000000122ae0000 	/System/Library/Frameworks/JavaVM.framework/Versions/A/Frameworks/JavaNativeFoundation.framework/Versions/A/JavaNativeFoundation
0x0000000122af4000 	/System/Library/Frameworks/JavaVM.framework/Versions/A/JavaVM
0x000000000d7b8000 	/System/Library/Frameworks/Carbon.framework/Versions/A/Carbon
0x0000000122b00000 	/System/Library/PrivateFrameworks/JavaLaunching.framework/Versions/A/JavaLaunching
0x000000000d7b8000 	/System/Library/Frameworks/Carbon.framework/Versions/A/Frameworks/CommonPanels.framework/Versions/A/CommonPanels
0x000000000d7b8000 	/System/Library/Frameworks/Carbon.framework/Versions/A/Frameworks/Help.framework/Versions/A/Help
0x000000000d7b8000 	/System/Library/Frameworks/Carbon.framework/Versions/A/Frameworks/ImageCapture.framework/Versions/A/ImageCapture
0x000000000d7b8000 	/System/Library/Frameworks/Carbon.framework/Versions/A/Frameworks/OpenScripting.framework/Versions/A/OpenScripting
0x000000000d7b8000 	/System/Library/Frameworks/Carbon.framework/Versions/A/Frameworks/Print.framework/Versions/A/Print
0x000000000d7b8000 	/System/Library/Frameworks/Carbon.framework/Versions/A/Frameworks/SecurityHI.framework/Versions/A/SecurityHI
0x0000000124706000 	/Library/Java/JavaVirtualMachines/jdk1.8.0_144.jdk/Contents/Home/jre/lib/libnet.dylib
0x0000000124d0a000 	/Library/Java/JavaVirtualMachines/jdk1.8.0_144.jdk/Contents/Home/jre/lib/libprism_es2.dylib
0x000000000d7b8000 	/System/Library/Frameworks/OpenGL.framework/Versions/A/Resources/GLEngine.bundle/GLEngine
0x000000000d7b8000 	/System/Library/Frameworks/OpenGL.framework/Versions/A/Libraries/libGLProgrammability.dylib
0x0000000000000000 	/System/Library/Extensions/GeForceTeslaGLDriver.bundle/Contents/MacOS/GeForceTeslaGLDriver
0x0000000124d8c000 	/System/Library/Extensions/GeForceTeslaGLDriver.bundle/Contents/MacOS/libclh.dylib
0x00000001255d3000 	/System/Library/PrivateFrameworks/GPUSupport.framework/Versions/A/Libraries/libGPUSupport.dylib
0x000000000d7b8000 	/System/Library/Frameworks/OpenGL.framework/Versions/A/Resources/GLRendererFloat.bundle/GLRendererFloat
0x000000000d7b8000 	/System/Library/Frameworks/OpenCL.framework/Versions/A/Libraries/libcldcpuengine.dylib
0x000000000d7b8000 	/System/Library/PrivateFrameworks/DiskImages.framework/Versions/A/DiskImages
0x000000000d7b8000 	/System/Library/Frameworks/DiscRecording.framework/Versions/A/DiscRecording
0x000000000d7b8000 	/usr/lib/libcsfde.dylib
0x000000000d7b8000 	/usr/lib/libcurl.4.dylib
0x000000000d7b8000 	/System/Library/PrivateFrameworks/MediaKit.framework/Versions/A/MediaKit
0x000000000d7b8000 	/System/Library/PrivateFrameworks/ProtectedCloudStorage.framework/Versions/A/ProtectedCloudStorage
0x000000000d7b8000 	/usr/lib/libCoreStorage.dylib
0x000000000d7b8000 	/System/Library/PrivateFrameworks/EFILogin.framework/Versions/A/EFILogin
0x000000000d7b8000 	/usr/lib/libutil.dylib
0x000000000d7b8000 	/System/Library/PrivateFrameworks/FindMyDevice.framework/Versions/A/FindMyDevice
0x000000000d7b8000 	/System/Library/Frameworks/LDAP.framework/Versions/A/LDAP
0x000000000d7b8000 	/usr/lib/libsasl2.2.dylib
0x000000000d7b8000 	/System/Library/PrivateFrameworks/CoreDaemon.framework/Versions/B/CoreDaemon
0x000000000d7b8000 	/usr/lib/libcrypto.0.9.8.dylib
0x000000000d7b8000 	/System/Library/PrivateFrameworks/AppleSRP.framework/Versions/A/AppleSRP
0x000000000d7b8000 	/System/Library/PrivateFrameworks/TrustEvaluationAgent.framework/Versions/A/TrustEvaluationAgent
0x00000001256a0000 	/Library/Java/JavaVirtualMachines/jdk1.8.0_144.jdk/Contents/Home/jre/lib/libglass.dylib
0x000000000d7b8000 	/System/Library/PrivateFrameworks/CoreServicesInternal.framework/Versions/A/CoreServicesInternal
0x000000000d7b8000 	/System/Library/PrivateFrameworks/CloudDocs.framework/Versions/A/CloudDocs
0x000000000d7b8000 	/System/Library/PrivateFrameworks/CoreDuet.framework/Versions/A/CoreDuet
0x000000000d7b8000 	/System/Library/Frameworks/CloudKit.framework/Versions/A/CloudKit
0x000000000d7b8000 	/System/Library/PrivateFrameworks/ProtocolBuffer.framework/Versions/A/ProtocolBuffer
0x000000000d7b8000 	/System/Library/PrivateFrameworks/CoreDuetDaemonProtocol.framework/Versions/A/CoreDuetDaemonProtocol
0x000000000d7b8000 	/System/Library/PrivateFrameworks/CoreDuetDebugLogging.framework/Versions/A/CoreDuetDebugLogging
0x000000000d7b8000 	/System/Library/PrivateFrameworks/MMCS.framework/Versions/A/MMCS
0x000000000d7b8000 	/System/Library/Frameworks/CoreLocation.framework/Versions/A/CoreLocation
0x000000000d7b8000 	/System/Library/PrivateFrameworks/GeoServices.framework/Versions/A/GeoServices
0x000000000d7b8000 	/System/Library/Frameworks/CoreGraphics.framework/Versions/A/Resources/libCGCMS.A.dylib
0x000000000d7b8000 	/System/Library/CoreServices/RawCamera.bundle/Contents/MacOS/RawCamera
0x000000000d7b8000 	/System/Library/Frameworks/CoreGraphics.framework/Versions/A/Resources/libRIP.A.dylib
0x000000000d7b8000 	/System/Library/PrivateFrameworks/FamilyControls.framework/Versions/A/FamilyControls
0x000000000d7b8000 	/System/Library/PrivateFrameworks/CommerceKit.framework/Versions/A/Frameworks/CommerceCore.framework/Versions/A/CommerceCore
0x000000000d7b8000 	/System/Library/PrivateFrameworks/SystemAdministration.framework/Versions/A/SystemAdministration
0x000000000d7b8000 	/System/Library/PrivateFrameworks/AppContainer.framework/Versions/A/AppContainer
0x000000000d7b8000 	/System/Library/PrivateFrameworks/SecCodeWrapper.framework/Versions/A/SecCodeWrapper
0x000000000d7b8000 	/System/Library/Frameworks/DirectoryService.framework/Versions/A/DirectoryService
0x000000000d7b8000 	/System/Library/PrivateFrameworks/LoginUIKit.framework/Versions/A/Frameworks/LoginUICore.framework/Versions/A/LoginUICore
0x000000000d7b8000 	/usr/lib/libodfde.dylib
0x0000000127015000 	/Library/Java/JavaVirtualMachines/jdk1.8.0_144.jdk/Contents/Home/jre/lib/libjavafx_font.dylib
0x000000000d7b8000 	/System/Library/Frameworks/CoreGraphics.framework/Versions/A/Resources/libCGXType.A.dylib
0x00000001294f2000 	/Library/Java/JavaVirtualMachines/jdk1.8.0_144.jdk/Contents/Home/jre/lib/libjavafx_iio.dylib
0x0000000129df0000 	cl_kernels
0x000000012bb27000 	/System/Library/Frameworks/OpenCL.framework/Versions/A/Libraries/ImageFormats/unorm8_bgra.dylib
0x0000000129df5000 	cl_kernels
0x000000012c473000 	/Library/Java/JavaVirtualMachines/jdk1.8.0_144.jdk/Contents/Home/jre/lib/libprism_common.dylib
0x000000012e1fa000 	/Library/Java/JavaVirtualMachines/jdk1.8.0_144.jdk/Contents/Home/jre/lib/libawt.dylib
0x000000012e2a2000 	/Library/Java/JavaVirtualMachines/jdk1.8.0_144.jdk/Contents/Home/jre/lib/./libmlib_image.dylib
0x000000012e46e000 	/Library/Java/JavaVirtualMachines/jdk1.8.0_144.jdk/Contents/Home/jre/lib/libawt_lwawt.dylib
0x000000012561b000 	/Library/Java/JavaVirtualMachines/jdk1.8.0_144.jdk/Contents/Home/jre/lib/./libosxapp.dylib
0x000000000d7b8000 	/System/Library/Frameworks/ExceptionHandling.framework/Versions/A/ExceptionHandling
0x000000012eb41000 	/Library/Java/JavaVirtualMachines/jdk1.8.0_144.jdk/Contents/Home/jre/lib/libfontmanager.dylib
0x0000000126d43000 	/Library/Java/JavaVirtualMachines/jdk1.8.0_144.jdk/Contents/Home/jre/lib/libosxui.dylib
0x000000012f370000 	/Library/Java/JavaVirtualMachines/jdk1.8.0_144.jdk/Contents/Home/jre/lib/libdcpr.dylib
0x000000012fca7000 	/Library/Java/JavaVirtualMachines/jdk1.8.0_144.jdk/Contents/Home/jre/lib/libnio.dylib
0x000000000d7b8000 	/System/Library/Frameworks/ApplicationServices.framework/Versions/A/Frameworks/ATS.framework/Versions/A/Resources/libTrueTypeScaler.dylib

VM Arguments:
jvm_args: -javaagent:/Applications/IntelliJ IDEA CE.app/Contents/lib/idea_rt.jar=61941:/Applications/IntelliJ IDEA CE.app/Contents/bin -Dfile.encoding=UTF-8 
java_command: View.Main
java_class_path (initial): /Library/Java/JavaVirtualMachines/jdk1.8.0_144.jdk/Contents/Home/jre/lib/charsets.jar:/Library/Java/JavaVirtualMachines/jdk1.8.0_144.jdk/Contents/Home/jre/lib/deploy.jar:/Library/Java/JavaVirtualMachines/jdk1.8.0_144.jdk/Contents/Home/jre/lib/ext/cldrdata.jar:/Library/Java/JavaVirtualMachines/jdk1.8.0_144.jdk/Contents/Home/jre/lib/ext/dnsns.jar:/Library/Java/JavaVirtualMachines/jdk1.8.0_144.jdk/Contents/Home/jre/lib/ext/jaccess.jar:/Library/Java/JavaVirtualMachines/jdk1.8.0_144.jdk/Contents/Home/jre/lib/ext/jfxrt.jar:/Library/Java/JavaVirtualMachines/jdk1.8.0_144.jdk/Contents/Home/jre/lib/ext/localedata.jar:/Library/Java/JavaVirtualMachines/jdk1.8.0_144.jdk/Contents/Home/jre/lib/ext/nashorn.jar:/Library/Java/JavaVirtualMachines/jdk1.8.0_144.jdk/Contents/Home/jre/lib/ext/sunec.jar:/Library/Java/JavaVirtualMachines/jdk1.8.0_144.jdk/Contents/Home/jre/lib/ext/sunjce_provider.jar:/Library/Java/JavaVirtualMachines/jdk1.8.0_144.jdk/Contents/Home/jre/lib/ext/sunpkcs11.jar:/Library/Java/JavaVirtualMachines/jdk1.8.0_144.jdk/Contents/Home/jre/lib/ext/zipfs.jar:/Library/Java/JavaVirtualMachines/jdk1.8.0_144.jdk/Contents/Home/jre/lib/javaws.jar:/Library/Java/JavaVirtualMachines/jdk1.8.0_144.jdk/Contents/Home/jre/lib/jce.jar:/Library/Java/JavaVirtualMachines/jdk1.8.0_144.jdk/Contents/Home/jre/lib/jfr.jar:/Library/Java/JavaVirtualMachines/jdk1.8.0_144.jdk/Contents/Home/jre/lib/jfxswt.jar:/Library/Java/JavaVirtualMachines/jdk1.8.0_144.jdk/Contents/Home/jre/lib/jsse.jar:/Library/Java/JavaVirtualMachines/jdk1.8.0_144.jdk/Contents/Home/jre/lib/management-agent.jar:/Library/Java/JavaVirtualMachines/jdk1.8.0_144.jdk/Contents/Home/jre/lib/plugin.jar:/Library/Java/JavaVirtualMachines/jdk1.8.0_144.jdk/Contents/Home/jre/lib/resources.jar:/Library/Java/JavaVirtualMachines/jdk1.8.0_144.jdk/Contents/Home/jre/lib/rt.jar:/Library/Java/JavaVirtualMachines/jdk1.8.0_144.jdk/Contents/Home/lib/ant-javafx.jar:/Library/Java/JavaVirtualMachines/jdk1.8.0_144.jdk/Contents/Home
Launcher Type: SUN_STANDARD

Environment Variables:
PATH=/usr/local/bin:/usr/bin:/bin:/usr/sbin:/sbin
SHELL=/bin/bash

Signal Handlers:
SIGSEGV: [libjvm.dylib+0x5b26e5], sa_mask[0]=11111111011111110111111111111111, sa_flags=SA_ONSTACK|SA_RESTART|SA_SIGINFO
SIGBUS: [libjvm.dylib+0x5b26e5], sa_mask[0]=11111111011111110111111111111111, sa_flags=SA_RESTART|SA_SIGINFO
SIGFPE: [libjvm.dylib+0x489100], sa_mask[0]=11111111011111110111111111111111, sa_flags=SA_RESTART|SA_SIGINFO
SIGPIPE: [libjvm.dylib+0x489100], sa_mask[0]=11111111011111110111111111111111, sa_flags=SA_RESTART|SA_SIGINFO
SIGXFSZ: [libjvm.dylib+0x489100], sa_mask[0]=11111111011111110111111111111111, sa_flags=SA_RESTART|SA_SIGINFO
SIGILL: [libjvm.dylib+0x489100], sa_mask[0]=11111111011111110111111111111111, sa_flags=SA_RESTART|SA_SIGINFO
SIGUSR1: SIG_DFL, sa_mask[0]=00000000000000000000000000000000, sa_flags=none
SIGUSR2: [libjvm.dylib+0x488c1e], sa_mask[0]=00100000000000000000000000000000, sa_flags=SA_RESTART|SA_SIGINFO
SIGHUP: [libjvm.dylib+0x4871f5], sa_mask[0]=11111111011111110111111111111111, sa_flags=SA_RESTART|SA_SIGINFO
SIGINT: [libjvm.dylib+0x4871f5], sa_mask[0]=11111111011111110111111111111111, sa_flags=SA_RESTART|SA_SIGINFO
SIGTERM: [libjvm.dylib+0x4871f5], sa_mask[0]=11111111011111110111111111111111, sa_flags=SA_RESTART|SA_SIGINFO
SIGQUIT: [libjvm.dylib+0x4871f5], sa_mask[0]=11111111011111110111111111111111, sa_flags=SA_RESTART|SA_SIGINFO


---------------  S Y S T E M  ---------------

OS:Bsduname:Darwin 14.5.0 Darwin Kernel Version 14.5.0: Wed Jul 29 02:26:53 PDT 2015; root:xnu-2782.40.9~1/RELEASE_X86_64 x86_64
rlimit: STACK 8192k, CORE 0k, NPROC 709, NOFILE 10240, AS infinity
load average:3.68 4.76 7.65

CPU:total 2 (initial active 2) (2 cores per cpu, 1 threads per core) family 6 model 23 stepping 10, cmov, cx8, fxsr, mmx, sse, sse2, sse3, ssse3, sse4.1, tsc

Memory: 4k page, physical 8388608k(16436k free)

/proc/meminfo:


vm_info: Java HotSpot(TM) 64-Bit Server VM (25.144-b01) for bsd-amd64 JRE (1.8.0_144-b01), built on Jul 21 2017 22:07:42 by "java_re" with gcc 4.2.1 (Based on Apple Inc. build 5658) (LLVM build 2336.11.00)

time: Thu Mar  1 17:37:48 2018
elapsed time: 9 seconds (0d 0h 0m 9s)

