#
# A fatal error has been detected by the Java Runtime Environment:
#
#  SIGSEGV (0xb) at pc=0x000000011096a7a6, pid=23706, tid=0x0000000000000307
#
# JRE version: Java(TM) SE Runtime Environment (8.0_144-b01) (build 1.8.0_144-b01)
# Java VM: Java HotSpot(TM) 64-Bit Server VM (25.144-b01 mixed mode bsd-amd64 compressed oops)
# Problematic frame:
# V  [libjvm.dylib+0x16a7a6]  ThreadStateTransition::trans_from_native(JavaThreadState)+0xa
#
# Failed to write core dump. Core dumps have been disabled. To enable core dumping, try "ulimit -c unlimited" before starting Java again
#
# If you would like to submit a bug report, please visit:
#   http://bugreport.java.com/bugreport/crash.jsp
#

---------------  T H R E A D  ---------------

Current thread is native thread

siginfo: si_signo: 11 (SIGSEGV), si_code: 1 (SEGV_MAPERR), si_addr: 0x0000000000000270

Registers:
RAX=0x0000000000000000, RBX=0x0000000000000000, RCX=0x00007fae0df6dfd0, RDX=0x0000000000000000
RSP=0x00007fff4fd68800, RBP=0x00007fff4fd68810, RSI=0x0000000000000006, RDI=0x00007fff4fd68820
R8 =0x0000000000000000, R9 =0x0000000000000190, R10=0x00000001131a7ba8, R11=0x00007fae12a359a0
R12=0x00007fae0f8d49f8, R13=0x00007fae12a19980, R14=0x00007fae0dfc0d70, R15=0x00007fae0f8d49f8
RIP=0x000000011096a7a6, EFLAGS=0x0000000000010246, ERR=0x0000000000000006
  TRAPNO=0x000000000000000e

Top of Stack: (sp=0x00007fff4fd68800)
0x00007fff4fd68800:   0000000000000000 00007fae0dfc0d70
0x00007fff4fd68810:   00007fff4fd68840 0000000110b14ebe
0x00007fff4fd68820:   0000000000000000 00007fae12a17cb0
0x00007fff4fd68830:   00007fae0f1b0e00 00007fae12a19010
0x00007fff4fd68840:   00007fff4fd68860 00000001131a11f5
0x00007fff4fd68850:   00007fae1082fc00 00007fae0f8d49f8
0x00007fff4fd68860:   00007fff4fd68880 00000001131a148f
0x00007fff4fd68870:   00007fae1082fc00 00007fae0df6dfd0
0x00007fff4fd68880:   00007fff4fd688e0 000000013043dff3
0x00007fff4fd68890:   0ab338bd1ed200c9 0000000000000000
0x00007fff4fd688a0:   4114c184fe600684 0000000000000000
0x00007fff4fd688b0:   00007fff4fd688e0 00007fae12a19010
0x00007fff4fd688c0:   00007fae106014d0 00007fae12a19980
0x00007fff4fd688d0:   00007fae12a19010 00007fffb823f040
0x00007fff4fd688e0:   00007fff4fd68960 00007fffa8fdd155
0x00007fff4fd688f0:   00007fae0f988800 0000000000000000
0x00007fff4fd68900:   000001904fd68940 00007fae0f1b0e00
0x00007fff4fd68910:   0000000000000000 0000000000000000
0x00007fff4fd68920:   0000000400000000 4114c184fe600684
0x00007fff4fd68930:   00007fff4fd68960 00007fae12a19010
0x00007fff4fd68940:   0000000000000004 0000000000000000
0x00007fff4fd68950:   00007fffb823f040 00007fffa1ac7557
0x00007fff4fd68960:   00007fff4fd689d0 00007fffa8fdccd3
0x00007fff4fd68970:   3ff0000000000000 4079000000000000
0x00007fff4fd68980:   4079000000000000 0000000000000000
0x00007fff4fd68990:   0000000000000000 4079000000000000
0x00007fff4fd689a0:   4079000000000000 00007fff4fd68aa0
0x00007fff4fd689b0:   00007fae10600ba8 0000000000000000
0x00007fff4fd689c0:   00007fffa1ad020e 00007fae0f988800
0x00007fff4fd689d0:   00007fff4fd69aa0 00007fffa8ff0042
0x00007fff4fd689e0:   00007fff4fd69aa0 00007fffa8feff18
0x00007fff4fd689f0:   00007fae10600ba8 00007fae10600ba8 

Instructions: (pc=0x000000011096a7a6)
0x000000011096a786:   0e 48 8b 0b 49 8b 56 18 48 63 c0 48 89 0c c2 5b
0x000000011096a796:   41 5e 5d c3 90 90 55 48 89 e5 41 56 53 48 8b 1f
0x000000011096a7a6:   c7 83 70 02 00 00 05 00 00 00 48 8d 05 a1 83 78
0x000000011096a7b6:   00 8b 00 83 f8 01 41 89 f6 75 0c 48 8d 0d ee ee 

Register to memory mapping:

RAX=0x0000000000000000 is an unknown value
RBX=0x0000000000000000 is an unknown value
RCX=0x00007fae0df6dfd0 is an unknown value
RDX=0x0000000000000000 is an unknown value
RSP=0x00007fff4fd68800 is an unknown value
RBP=0x00007fff4fd68810 is an unknown value
RSI=0x0000000000000006 is an unknown value
RDI=0x00007fff4fd68820 is an unknown value
R8 =0x0000000000000000 is an unknown value
R9 =0x0000000000000190 is an unknown value
R10=0x00000001131a7ba8: OBJC_CLASS_$_JNFWeakJObjectWrapper+0 in /System/Library/Frameworks/JavaVM.framework/Versions/A/Frameworks/JavaNativeFoundation.framework/Versions/A/JavaNativeFoundation at 0x000000011319b000
R11=0x00007fae12a359a0 is an unknown value
R12=0x00007fae0f8d49f8 is an unknown value
R13=0x00007fae12a19980 is an unknown value
R14=0x00007fae0dfc0d70 is a weak global jni handle
R15=0x00007fae0f8d49f8 is an unknown value


Stack: [0x00007fff4f56d000,0x00007fff4fd6d000],  sp=0x00007fff4fd68800,  free space=8174k
Native frames: (J=compiled Java code, j=interpreted, Vv=VM code, C=native code)
V  [libjvm.dylib+0x16a7a6]  ThreadStateTransition::trans_from_native(JavaThreadState)+0xa
V  [libjvm.dylib+0x314ebe]  jni_IsSameObject+0x30
C  [JavaNativeFoundation+0x61f5]  -[JNFWeakJObjectWrapper _getWithEnv:]+0x25
C  [JavaNativeFoundation+0x648f]  -[JNFJObjectWrapper jObjectWithEnv:]+0x1d
C  [libawt_lwawt.dylib+0x1aff3]  -[CGLLayer drawInCGLContext:pixelFormat:forLayerTime:displayTime:]+0xa4
C  [QuartzCore+0x113155]  CAOpenGLLayerDraw(CAOpenGLLayer*, double, CVTimeStamp const*, unsigned int)+0x369
C  [QuartzCore+0x112cd3]  -[CAOpenGLLayer _display]+0x15f
C  [QuartzCore+0x126042]  CA::Layer::display_if_needed(CA::Transaction*)+0x23c
C  [QuartzCore+0x12616d]  CA::Layer::layout_and_display_if_needed(CA::Transaction*)+0x23
C  [QuartzCore+0x11b924]  CA::Context::commit_transaction(CA::Transaction*)+0x118
C  [QuartzCore+0x107a1]  CA::Transaction::commit()+0x1db
C  [QuartzCore+0x111bc]  CA::Transaction::observer_callback(__CFRunLoopObserver*, unsigned long, void*)+0x6c
C  [CoreFoundation+0xa6d37]  __CFRUNLOOP_IS_CALLING_OUT_TO_AN_OBSERVER_CALLBACK_FUNCTION__+0x17
C  [CoreFoundation+0xa6ca7]  __CFRunLoopDoObservers+0x187
C  [CoreFoundation+0x8782e]  __CFRunLoopRun+0x4be
C  [CoreFoundation+0x87114]  CFRunLoopRunSpecific+0x1a4
C  [java+0x6465]  CreateExecutionEnvironment+0x367
C  [java+0x218c]  JLI_Launch+0x7a0
C  [java+0x84c2]  main+0x65
C  [java+0x19e4]  start+0x34


---------------  P R O C E S S  ---------------

VM state:not at safepoint (normal execution)

VM Mutex/Monitor currently owned by a thread:  ([mutex/lock_event])
[0x00007fae0dc04520] Compile_lock - owner thread: 0x00007fae0f00e000
[0x00007fae0dc04620] MethodCompileQueue_lock - owner thread: 0x00007fae0f00e000

Heap:
 PSYoungGen      total 38400K, used 24637K [0x0000000795580000, 0x0000000798000000, 0x00000007c0000000)
  eden space 33280K, 61% used [0x0000000795580000,0x000000079699f5a8,0x0000000797600000)
  from space 5120K, 78% used [0x0000000797600000,0x00000007979f0020,0x0000000797b00000)
  to   space 5120K, 0% used [0x0000000797b00000,0x0000000797b00000,0x0000000798000000)
 ParOldGen       total 87552K, used 80K [0x0000000740000000, 0x0000000745580000, 0x0000000795580000)
  object space 87552K, 0% used [0x0000000740000000,0x0000000740014010,0x0000000745580000)
 Metaspace       used 19882K, capacity 20614K, committed 20864K, reserved 1067008K
  class space    used 2643K, capacity 2846K, committed 2944K, reserved 1048576K

Card table byte_map: [0x0000000111b67000,0x0000000111f68000] byte_map_base: 0x000000010e167000

Marking Bits: (ParMarkBitMap*) 0x00000001110f35d0
 Begin Bits: [0x0000000122243000, 0x0000000124243000)
 End Bits:   [0x0000000124243000, 0x0000000126243000)

Polling page: 0x000000010ff53000

CodeCache: size=245760Kb used=5041Kb max_used=5041Kb free=240718Kb
 bounds [0x0000000113243000, 0x0000000113733000, 0x0000000122243000]
 total_blobs=2379 nmethods=1581 adapters=711
 compilation: enabled

Compilation events (10 events):
Event: 9.271 Thread 0x00007fae0f00e000 1559       3       sun.lwawt.macosx.CPlatformWindow::transformGraphics (2 bytes)
Event: 9.272 Thread 0x00007fae0f00e000 nmethod 1559 0x0000000113721810 code [0x0000000113721960, 0x0000000113721ab0]
Event: 9.274 Thread 0x00007fae0f00e000 1560       3       sun.lwawt.LWComponentPeer::localToWindow (62 bytes)
Event: 9.276 Thread 0x00007fae0f00e000 nmethod 1560 0x0000000113721b10 code [0x0000000113721d20, 0x0000000113722d50]
Event: 9.276 Thread 0x00007fae0f00e000 1561       3       java.awt.Point::<init> (13 bytes)
Event: 9.276 Thread 0x00007fae0f00e000 nmethod 1561 0x0000000113723710 code [0x0000000113723880, 0x0000000113723af0]
Event: 9.278 Thread 0x00007fae0f00e000 1562   !   3       sun.awt.image.SurfaceManager::getManager (47 bytes)
Event: 9.279 Thread 0x00007fae0f00e000 nmethod 1562 0x0000000113723c50 code [0x0000000113723e20, 0x0000000113724558]
Event: 9.279 Thread 0x00007fae0f00e000 1563       3       java.awt.Image$1::getSurfaceManager (5 bytes)
Event: 9.279 Thread 0x00007fae0f00e000 nmethod 1563 0x00000001137248d0 code [0x0000000113724a40, 0x0000000113724b90]

GC Heap History (2 events):
Event: 2.273 GC heap before
{Heap before GC invocations=1 (full 0):
 PSYoungGen      total 38400K, used 33280K [0x0000000795580000, 0x0000000798000000, 0x00000007c0000000)
  eden space 33280K, 100% used [0x0000000795580000,0x0000000797600000,0x0000000797600000)
  from space 5120K, 0% used [0x0000000797b00000,0x0000000797b00000,0x0000000798000000)
  to   space 5120K, 0% used [0x0000000797600000,0x0000000797600000,0x0000000797b00000)
 ParOldGen       total 87552K, used 0K [0x0000000740000000, 0x0000000745580000, 0x0000000795580000)
  object space 87552K, 0% used [0x0000000740000000,0x0000000740000000,0x0000000745580000)
 Metaspace       used 13223K, capacity 13738K, committed 13952K, reserved 1060864K
  class space    used 1738K, capacity 1914K, committed 1920K, reserved 1048576K
Event: 2.287 GC heap after
Heap after GC invocations=1 (full 0):
 PSYoungGen      total 38400K, used 4032K [0x0000000795580000, 0x0000000798000000, 0x00000007c0000000)
  eden space 33280K, 0% used [0x0000000795580000,0x0000000795580000,0x0000000797600000)
  from space 5120K, 78% used [0x0000000797600000,0x00000007979f0020,0x0000000797b00000)
  to   space 5120K, 0% used [0x0000000797b00000,0x0000000797b00000,0x0000000798000000)
 ParOldGen       total 87552K, used 80K [0x0000000740000000, 0x0000000745580000, 0x0000000795580000)
  object space 87552K, 0% used [0x0000000740000000,0x0000000740014010,0x0000000745580000)
 Metaspace       used 13223K, capacity 13738K, committed 13952K, reserved 1060864K
  class space    used 1738K, capacity 1914K, committed 1920K, reserved 1048576K
}

Deoptimization events (10 events):
Event: 2.309 Thread 0x00007fae0f8d4800 Uncommon trap: reason=class_check action=maybe_recompile pc=0x00000001133689f8 method=java.lang.String.equals(Ljava/lang/Object;)Z @ 8
Event: 2.309 Thread 0x00007fae0f8d4800 Uncommon trap: reason=class_check action=maybe_recompile pc=0x00000001133689f8 method=java.lang.String.equals(Ljava/lang/Object;)Z @ 8
Event: 2.310 Thread 0x00007fae0f8d4800 Uncommon trap: reason=class_check action=maybe_recompile pc=0x00000001133689f8 method=java.lang.String.equals(Ljava/lang/Object;)Z @ 8
Event: 2.642 Thread 0x00007fae0e1d1000 Uncommon trap: reason=unstable_if action=reinterpret pc=0x00000001135313d4 method=sun.net.www.ParseUtil.encodePath(Ljava/lang/String;Z)Ljava/lang/String; @ 109
Event: 6.572 Thread 0x00007fae0f8d4800 Uncommon trap: reason=unstable_if action=reinterpret pc=0x00000001134c2c44 method=java.lang.AbstractStringBuilder.append(Ljava/lang/String;)Ljava/lang/AbstractStringBuilder; @ 1
Event: 6.573 Thread 0x00007fae0f8d4800 Uncommon trap: reason=unstable_if action=reinterpret pc=0x00000001134756c4 method=java.lang.AbstractStringBuilder.append(Ljava/lang/String;)Ljava/lang/AbstractStringBuilder; @ 1
Event: 6.579 Thread 0x00007fae0f8d4800 Uncommon trap: reason=unstable_if action=reinterpret pc=0x000000011357aa00 method=java.util.HashMap.hash(Ljava/lang/Object;)I @ 1
Event: 6.579 Thread 0x00007fae0f8d4800 Uncommon trap: reason=unstable_if action=reinterpret pc=0x0000000113550448 method=java.util.HashMap.hash(Ljava/lang/Object;)I @ 1
Event: 6.583 Thread 0x00007fae0f8d4800 Uncommon trap: reason=unstable_if action=reinterpret pc=0x000000011351dbe8 method=java.util.HashMap.hash(Ljava/lang/Object;)I @ 1
Event: 6.643 Thread 0x00007fae0f8d4800 Uncommon trap: reason=unstable_if action=reinterpret pc=0x0000000113592b34 method=jdk.internal.org.objectweb.asm.Type.getArgumentsAndReturnSizes(Ljava/lang/String;)I @ 47

Internal exceptions (10 events):
Event: 9.237 Thread 0x00007fae0f9a7800 Exception <a 'java/lang/IllegalArgumentException': timeout value is negative> (0x000000079687b170) thrown at [/Users/java_re/workspace/8-2-build-macosx-x86_64/jdk8u144/9417/hotspot/src/share/vm/prims/jvm.cpp, line 3176]
Event: 9.240 Thread 0x00007fae0f9a7800 Exception <a 'java/lang/IllegalArgumentException': timeout value is negative> (0x000000079687bba8) thrown at [/Users/java_re/workspace/8-2-build-macosx-x86_64/jdk8u144/9417/hotspot/src/share/vm/prims/jvm.cpp, line 3176]
Event: 9.244 Thread 0x00007fae0f9a7800 Exception <a 'java/lang/IllegalArgumentException': timeout value is negative> (0x000000079687c5e0) thrown at [/Users/java_re/workspace/8-2-build-macosx-x86_64/jdk8u144/9417/hotspot/src/share/vm/prims/jvm.cpp, line 3176]
Event: 9.248 Thread 0x00007fae0f9a7800 Exception <a 'java/lang/IllegalArgumentException': timeout value is negative> (0x000000079687d018) thrown at [/Users/java_re/workspace/8-2-build-macosx-x86_64/jdk8u144/9417/hotspot/src/share/vm/prims/jvm.cpp, line 3176]
Event: 9.252 Thread 0x00007fae0f9a7800 Exception <a 'java/lang/IllegalArgumentException': timeout value is negative> (0x000000079687da50) thrown at [/Users/java_re/workspace/8-2-build-macosx-x86_64/jdk8u144/9417/hotspot/src/share/vm/prims/jvm.cpp, line 3176]
Event: 9.258 Thread 0x00007fae0f9a7800 Exception <a 'java/lang/IllegalArgumentException': timeout value is negative> (0x000000079687e488) thrown at [/Users/java_re/workspace/8-2-build-macosx-x86_64/jdk8u144/9417/hotspot/src/share/vm/prims/jvm.cpp, line 3176]
Event: 9.263 Thread 0x00007fae0f9a7800 Exception <a 'java/lang/IllegalArgumentException': timeout value is negative> (0x000000079687eec0) thrown at [/Users/java_re/workspace/8-2-build-macosx-x86_64/jdk8u144/9417/hotspot/src/share/vm/prims/jvm.cpp, line 3176]
Event: 9.269 Thread 0x00007fae0f9a7800 Exception <a 'java/lang/IllegalArgumentException': timeout value is negative> (0x000000079687f8f8) thrown at [/Users/java_re/workspace/8-2-build-macosx-x86_64/jdk8u144/9417/hotspot/src/share/vm/prims/jvm.cpp, line 3176]
Event: 9.273 Thread 0x00007fae0f9a7800 Exception <a 'java/lang/IllegalArgumentException': timeout value is negative> (0x0000000796880330) thrown at [/Users/java_re/workspace/8-2-build-macosx-x86_64/jdk8u144/9417/hotspot/src/share/vm/prims/jvm.cpp, line 3176]
Event: 9.277 Thread 0x00007fae0f9a7800 Exception <a 'java/lang/IllegalArgumentException': timeout value is negative> (0x0000000796880d68) thrown at [/Users/java_re/workspace/8-2-build-macosx-x86_64/jdk8u144/9417/hotspot/src/share/vm/prims/jvm.cpp, line 3176]

Events (10 events):
Event: 9.266 loading class javafx/application/Application done
Event: 9.278 loading class com/sun/javafx/tk/quantum/QuantumRenderer
Event: 9.278 loading class com/sun/javafx/tk/quantum/QuantumRenderer done
Event: 9.278 loading class com/sun/javafx/tk/quantum/QuantumToolkit
Event: 9.278 loading class com/sun/javafx/tk/quantum/QuantumToolkit done
Event: 9.279 Thread 0x00007fae0f8d4800 Thread exited: 0x00007fae0f8d4800
Event: 9.279 Thread 0x00007fae0f93c000 Thread exited: 0x00007fae0f93c000
Event: 9.279 Thread 0x00007fae0e1d1000 Thread exited: 0x00007fae0e1d1000
Event: 9.279 Thread 0x00007fae0e008000 Thread exited: 0x00007fae0e008000
Event: 9.280 Thread 0x00007fae0f93c000 Thread added: 0x00007fae0f93c000


Dynamic libraries:
0x000000002dfac000 	/System/Library/Frameworks/Cocoa.framework/Versions/A/Cocoa
0x000000002dfac000 	/System/Library/Frameworks/Security.framework/Versions/A/Security
0x000000002dfac000 	/System/Library/Frameworks/ApplicationServices.framework/Versions/A/ApplicationServices
0x000000002dfac000 	/usr/lib/libz.1.dylib
0x000000002dfac000 	/usr/lib/libSystem.B.dylib
0x000000002dfac000 	/usr/lib/libobjc.A.dylib
0x000000002dfac000 	/System/Library/Frameworks/CoreFoundation.framework/Versions/A/CoreFoundation
0x000000002dfac000 	/System/Library/Frameworks/Foundation.framework/Versions/C/Foundation
0x000000002dfac000 	/System/Library/Frameworks/AppKit.framework/Versions/C/AppKit
0x000000002dfac000 	/System/Library/Frameworks/CoreData.framework/Versions/A/CoreData
0x000000002dfac000 	/System/Library/PrivateFrameworks/RemoteViewServices.framework/Versions/A/RemoteViewServices
0x000000002dfac000 	/System/Library/PrivateFrameworks/UIFoundation.framework/Versions/A/UIFoundation
0x000000002dfac000 	/System/Library/PrivateFrameworks/DFRFoundation.framework/Versions/A/DFRFoundation
0x000000002dfac000 	/usr/lib/libenergytrace.dylib
0x000000002dfac000 	/System/Library/PrivateFrameworks/SkyLight.framework/Versions/A/SkyLight
0x000000002dfac000 	/System/Library/Frameworks/CoreGraphics.framework/Versions/A/CoreGraphics
0x000000002dfac000 	/usr/lib/libScreenReader.dylib
0x000000002dfac000 	/System/Library/Frameworks/Accelerate.framework/Versions/A/Accelerate
0x000000002dfac000 	/System/Library/Frameworks/IOSurface.framework/Versions/A/IOSurface
0x000000002dfac000 	/System/Library/Frameworks/AudioToolbox.framework/Versions/A/AudioToolbox
0x000000002dfac000 	/System/Library/Frameworks/AudioUnit.framework/Versions/A/AudioUnit
0x000000002dfac000 	/System/Library/PrivateFrameworks/DataDetectorsCore.framework/Versions/A/DataDetectorsCore
0x000000002dfac000 	/System/Library/PrivateFrameworks/DesktopServicesPriv.framework/Versions/A/DesktopServicesPriv
0x000000002dfac000 	/System/Library/Frameworks/Carbon.framework/Versions/A/Frameworks/HIToolbox.framework/Versions/A/HIToolbox
0x000000002dfac000 	/usr/lib/libicucore.A.dylib
0x000000002dfac000 	/System/Library/Frameworks/QuartzCore.framework/Versions/A/QuartzCore
0x000000002dfac000 	/System/Library/Frameworks/Carbon.framework/Versions/A/Frameworks/SpeechRecognition.framework/Versions/A/SpeechRecognition
0x000000002dfac000 	/usr/lib/libauto.dylib
0x000000002dfac000 	/usr/lib/libxml2.2.dylib
0x000000002dfac000 	/System/Library/PrivateFrameworks/CoreUI.framework/Versions/A/CoreUI
0x000000002dfac000 	/System/Library/Frameworks/CoreAudio.framework/Versions/A/CoreAudio
0x000000002dfac000 	/System/Library/Frameworks/DiskArbitration.framework/Versions/A/DiskArbitration
0x000000002dfac000 	/usr/lib/liblangid.dylib
0x000000002dfac000 	/System/Library/PrivateFrameworks/MultitouchSupport.framework/Versions/A/MultitouchSupport
0x000000002dfac000 	/System/Library/Frameworks/IOKit.framework/Versions/A/IOKit
0x000000002dfac000 	/usr/lib/libDiagnosticMessagesClient.dylib
0x000000002dfac000 	/System/Library/Frameworks/CoreServices.framework/Versions/A/CoreServices
0x000000002dfac000 	/System/Library/PrivateFrameworks/PerformanceAnalysis.framework/Versions/A/PerformanceAnalysis
0x000000002dfac000 	/System/Library/PrivateFrameworks/GenerationalStorage.framework/Versions/A/GenerationalStorage
0x000000002dfac000 	/System/Library/Frameworks/OpenGL.framework/Versions/A/OpenGL
0x000000002dfac000 	/System/Library/Frameworks/CoreImage.framework/Versions/A/CoreImage
0x000000002dfac000 	/System/Library/Frameworks/CoreText.framework/Versions/A/CoreText
0x000000002dfac000 	/System/Library/Frameworks/ImageIO.framework/Versions/A/ImageIO
0x000000002dfac000 	/System/Library/PrivateFrameworks/Backup.framework/Versions/A/Backup
0x000000002dfac000 	/usr/lib/libarchive.2.dylib
0x000000002dfac000 	/System/Library/Frameworks/CFNetwork.framework/Versions/A/CFNetwork
0x000000002dfac000 	/System/Library/Frameworks/SystemConfiguration.framework/Versions/A/SystemConfiguration
0x000000002dfac000 	/usr/lib/libCRFSuite.dylib
0x000000002dfac000 	/usr/lib/libc++.1.dylib
0x000000002dfac000 	/usr/lib/libc++abi.dylib
0x000000002dfac000 	/usr/lib/system/libcache.dylib
0x000000002dfac000 	/usr/lib/system/libcommonCrypto.dylib
0x000000002dfac000 	/usr/lib/system/libcompiler_rt.dylib
0x000000002dfac000 	/usr/lib/system/libcopyfile.dylib
0x000000002dfac000 	/usr/lib/system/libcorecrypto.dylib
0x000000002dfac000 	/usr/lib/system/libdispatch.dylib
0x000000002dfac000 	/usr/lib/system/libdyld.dylib
0x000000002dfac000 	/usr/lib/system/libkeymgr.dylib
0x000000002dfac000 	/usr/lib/system/liblaunch.dylib
0x000000002dfac000 	/usr/lib/system/libmacho.dylib
0x000000002dfac000 	/usr/lib/system/libquarantine.dylib
0x000000002dfac000 	/usr/lib/system/libremovefile.dylib
0x000000002dfac000 	/usr/lib/system/libsystem_asl.dylib
0x000000002dfac000 	/usr/lib/system/libsystem_blocks.dylib
0x000000002dfac000 	/usr/lib/system/libsystem_c.dylib
0x000000002dfac000 	/usr/lib/system/libsystem_configuration.dylib
0x000000002dfac000 	/usr/lib/system/libsystem_coreservices.dylib
0x000000002dfac000 	/usr/lib/system/libsystem_coretls.dylib
0x000000002dfac000 	/usr/lib/system/libsystem_dnssd.dylib
0x000000002dfac000 	/usr/lib/system/libsystem_info.dylib
0x000000002dfac000 	/usr/lib/system/libsystem_kernel.dylib
0x000000002dfac000 	/usr/lib/system/libsystem_m.dylib
0x000000002dfac000 	/usr/lib/system/libsystem_malloc.dylib
0x000000002dfac000 	/usr/lib/system/libsystem_network.dylib
0x000000002dfac000 	/usr/lib/system/libsystem_networkextension.dylib
0x000000002dfac000 	/usr/lib/system/libsystem_notify.dylib
0x000000002dfac000 	/usr/lib/system/libsystem_platform.dylib
0x000000002dfac000 	/usr/lib/system/libsystem_pthread.dylib
0x000000002dfac000 	/usr/lib/system/libsystem_sandbox.dylib
0x000000002dfac000 	/usr/lib/system/libsystem_secinit.dylib
0x000000002dfac000 	/usr/lib/system/libsystem_symptoms.dylib
0x000000002dfac000 	/usr/lib/system/libsystem_trace.dylib
0x000000002dfac000 	/usr/lib/system/libunwind.dylib
0x000000002dfac000 	/usr/lib/system/libxpc.dylib
0x000000002dfac000 	/usr/lib/libbsm.0.dylib
0x000000002dfac000 	/usr/lib/system/libkxld.dylib
0x000000002dfac000 	/usr/lib/libcoretls.dylib
0x000000002dfac000 	/usr/lib/libcoretls_cfhelpers.dylib
0x000000002dfac000 	/usr/lib/libOpenScriptingUtil.dylib
0x000000002dfac000 	/usr/lib/libpam.2.dylib
0x000000002dfac000 	/usr/lib/libsqlite3.dylib
0x000000002dfac000 	/usr/lib/libxar.1.dylib
0x000000002dfac000 	/usr/lib/libbz2.1.0.dylib
0x000000002dfac000 	/usr/lib/liblzma.5.dylib
0x000000002dfac000 	/usr/lib/libnetwork.dylib
0x000000002dfac000 	/usr/lib/libpcap.A.dylib
0x000000002dfac000 	/System/Library/Frameworks/CoreServices.framework/Versions/A/Frameworks/FSEvents.framework/Versions/A/FSEvents
0x000000002dfac000 	/System/Library/Frameworks/CoreServices.framework/Versions/A/Frameworks/CarbonCore.framework/Versions/A/CarbonCore
0x000000002dfac000 	/System/Library/Frameworks/CoreServices.framework/Versions/A/Frameworks/Metadata.framework/Versions/A/Metadata
0x000000002dfac000 	/System/Library/Frameworks/CoreServices.framework/Versions/A/Frameworks/OSServices.framework/Versions/A/OSServices
0x000000002dfac000 	/System/Library/Frameworks/CoreServices.framework/Versions/A/Frameworks/SearchKit.framework/Versions/A/SearchKit
0x000000002dfac000 	/System/Library/Frameworks/CoreServices.framework/Versions/A/Frameworks/AE.framework/Versions/A/AE
0x000000002dfac000 	/System/Library/Frameworks/CoreServices.framework/Versions/A/Frameworks/LaunchServices.framework/Versions/A/LaunchServices
0x000000002dfac000 	/System/Library/Frameworks/CoreServices.framework/Versions/A/Frameworks/DictionaryServices.framework/Versions/A/DictionaryServices
0x000000002dfac000 	/System/Library/Frameworks/CoreServices.framework/Versions/A/Frameworks/SharedFileList.framework/Versions/A/SharedFileList
0x000000002dfac000 	/System/Library/Frameworks/NetFS.framework/Versions/A/NetFS
0x000000002dfac000 	/System/Library/PrivateFrameworks/NetAuth.framework/Versions/A/NetAuth
0x000000002dfac000 	/System/Library/PrivateFrameworks/login.framework/Versions/A/Frameworks/loginsupport.framework/Versions/A/loginsupport
0x000000002dfac000 	/System/Library/PrivateFrameworks/TCC.framework/Versions/A/TCC
0x000000002dfac000 	/usr/lib/libmecabra.dylib
0x000000002dfac000 	/System/Library/Frameworks/ApplicationServices.framework/Versions/A/Frameworks/ATS.framework/Versions/A/ATS
0x000000002dfac000 	/System/Library/Frameworks/ApplicationServices.framework/Versions/A/Frameworks/ColorSync.framework/Versions/A/ColorSync
0x000000002dfac000 	/System/Library/Frameworks/ApplicationServices.framework/Versions/A/Frameworks/HIServices.framework/Versions/A/HIServices
0x000000002dfac000 	/System/Library/Frameworks/ApplicationServices.framework/Versions/A/Frameworks/LangAnalysis.framework/Versions/A/LangAnalysis
0x000000002dfac000 	/System/Library/Frameworks/ApplicationServices.framework/Versions/A/Frameworks/PrintCore.framework/Versions/A/PrintCore
0x000000002dfac000 	/System/Library/Frameworks/ApplicationServices.framework/Versions/A/Frameworks/QD.framework/Versions/A/QD
0x000000002dfac000 	/System/Library/Frameworks/ApplicationServices.framework/Versions/A/Frameworks/SpeechSynthesis.framework/Versions/A/SpeechSynthesis
0x000000002dfac000 	/System/Library/Frameworks/Accelerate.framework/Versions/A/Frameworks/vImage.framework/Versions/A/vImage
0x000000002dfac000 	/System/Library/Frameworks/Accelerate.framework/Versions/A/Frameworks/vecLib.framework/Versions/A/vecLib
0x000000002dfac000 	/System/Library/Frameworks/Accelerate.framework/Versions/A/Frameworks/vecLib.framework/Versions/A/libvDSP.dylib
0x000000002dfac000 	/System/Library/Frameworks/Accelerate.framework/Versions/A/Frameworks/vecLib.framework/Versions/A/libBNNS.dylib
0x000000002dfac000 	/System/Library/Frameworks/Accelerate.framework/Versions/A/Frameworks/vecLib.framework/Versions/A/libQuadrature.dylib
0x000000002dfac000 	/System/Library/Frameworks/Accelerate.framework/Versions/A/Frameworks/vecLib.framework/Versions/A/libvMisc.dylib
0x000000002dfac000 	/System/Library/Frameworks/Accelerate.framework/Versions/A/Frameworks/vecLib.framework/Versions/A/libLAPACK.dylib
0x000000002dfac000 	/System/Library/Frameworks/Accelerate.framework/Versions/A/Frameworks/vecLib.framework/Versions/A/libBLAS.dylib
0x000000002dfac000 	/System/Library/Frameworks/Accelerate.framework/Versions/A/Frameworks/vecLib.framework/Versions/A/libLinearAlgebra.dylib
0x000000002dfac000 	/System/Library/Frameworks/Accelerate.framework/Versions/A/Frameworks/vecLib.framework/Versions/A/libSparseBLAS.dylib
0x000000002dfac000 	/System/Library/Frameworks/ApplicationServices.framework/Versions/A/Frameworks/ATS.framework/Versions/A/Resources/libFontParser.dylib
0x000000002dfac000 	/System/Library/Frameworks/ApplicationServices.framework/Versions/A/Frameworks/ATS.framework/Versions/A/Resources/libFontRegistry.dylib
0x000000002dfac000 	/System/Library/Frameworks/ImageIO.framework/Versions/A/Resources/libJPEG.dylib
0x000000002dfac000 	/System/Library/Frameworks/ImageIO.framework/Versions/A/Resources/libTIFF.dylib
0x000000002dfac000 	/System/Library/Frameworks/ImageIO.framework/Versions/A/Resources/libPng.dylib
0x000000002dfac000 	/System/Library/Frameworks/ImageIO.framework/Versions/A/Resources/libGIF.dylib
0x000000002dfac000 	/System/Library/Frameworks/ImageIO.framework/Versions/A/Resources/libJP2.dylib
0x000000002dfac000 	/System/Library/Frameworks/ImageIO.framework/Versions/A/Resources/libRadiance.dylib
0x000000002dfac000 	/usr/lib/libcompression.dylib
0x000000002dfac000 	/System/Library/PrivateFrameworks/AppleJPEG.framework/Versions/A/AppleJPEG
0x000000002dfac000 	/usr/lib/libcups.2.dylib
0x000000002dfac000 	/System/Library/Frameworks/Kerberos.framework/Versions/A/Kerberos
0x000000002dfac000 	/System/Library/Frameworks/GSS.framework/Versions/A/GSS
0x000000002dfac000 	/usr/lib/libresolv.9.dylib
0x000000002dfac000 	/usr/lib/libiconv.2.dylib
0x000000002dfac000 	/System/Library/PrivateFrameworks/Heimdal.framework/Versions/A/Heimdal
0x000000002dfac000 	/usr/lib/libheimdal-asn1.dylib
0x000000002dfac000 	/System/Library/Frameworks/OpenDirectory.framework/Versions/A/OpenDirectory
0x000000002dfac000 	/System/Library/PrivateFrameworks/CommonAuth.framework/Versions/A/CommonAuth
0x000000002dfac000 	/System/Library/Frameworks/OpenDirectory.framework/Versions/A/Frameworks/CFOpenDirectory.framework/Versions/A/CFOpenDirectory
0x000000002dfac000 	/System/Library/Frameworks/SecurityFoundation.framework/Versions/A/SecurityFoundation
0x000000002dfac000 	/System/Library/PrivateFrameworks/LanguageModeling.framework/Versions/A/LanguageModeling
0x000000002dfac000 	/usr/lib/libmarisa.dylib
0x000000002dfac000 	/usr/lib/libChineseTokenizer.dylib
0x000000002dfac000 	/usr/lib/libcmph.dylib
0x000000002dfac000 	/System/Library/PrivateFrameworks/CoreEmoji.framework/Versions/A/CoreEmoji
0x000000002dfac000 	/System/Library/Frameworks/ServiceManagement.framework/Versions/A/ServiceManagement
0x000000002dfac000 	/usr/lib/libxslt.1.dylib
0x000000002dfac000 	/System/Library/Frameworks/Carbon.framework/Versions/A/Frameworks/Ink.framework/Versions/A/Ink
0x000000002dfac000 	/System/Library/PrivateFrameworks/TextureIO.framework/Versions/A/TextureIO
0x000000002dfac000 	/System/Library/Frameworks/Metal.framework/Versions/A/Metal
0x000000002dfac000 	/usr/lib/libate.dylib
0x000000002dfac000 	/System/Library/PrivateFrameworks/GPUCompiler.framework/libmetal_timestamp.dylib
0x000000002dfac000 	/System/Library/Frameworks/OpenGL.framework/Versions/A/Libraries/libCoreFSCache.dylib
0x000000002dfac000 	/System/Library/PrivateFrameworks/IOAccelerator.framework/Versions/A/IOAccelerator
0x000000002dfac000 	/System/Library/Frameworks/CoreVideo.framework/Versions/A/CoreVideo
0x000000002dfac000 	/usr/lib/libFosl_dynamic.dylib
0x000000002dfac000 	/System/Library/PrivateFrameworks/MetalPerformanceShaders.framework/Versions/A/MetalPerformanceShaders
0x000000002dfac000 	/System/Library/PrivateFrameworks/FaceCore.framework/Versions/A/FaceCore
0x000000002dfac000 	/System/Library/Frameworks/OpenCL.framework/Versions/A/OpenCL
0x000000002dfac000 	/System/Library/Frameworks/OpenGL.framework/Versions/A/Libraries/libGLU.dylib
0x000000002dfac000 	/System/Library/Frameworks/OpenGL.framework/Versions/A/Libraries/libGFXShared.dylib
0x000000002dfac000 	/System/Library/Frameworks/OpenGL.framework/Versions/A/Libraries/libGL.dylib
0x000000002dfac000 	/System/Library/Frameworks/OpenGL.framework/Versions/A/Libraries/libGLImage.dylib
0x000000002dfac000 	/System/Library/Frameworks/OpenGL.framework/Versions/A/Libraries/libCVMSPluginSupport.dylib
0x000000002dfac000 	/System/Library/Frameworks/OpenGL.framework/Versions/A/Libraries/libCoreVMClient.dylib
0x000000002dfac000 	/System/Library/PrivateFrameworks/CrashReporterSupport.framework/Versions/A/CrashReporterSupport
0x000000002dfac000 	/System/Library/PrivateFrameworks/Sharing.framework/Versions/A/Sharing
0x000000002dfac000 	/System/Library/PrivateFrameworks/IconServices.framework/Versions/A/IconServices
0x000000002dfac000 	/System/Library/PrivateFrameworks/ProtocolBuffer.framework/Versions/A/ProtocolBuffer
0x000000002dfac000 	/System/Library/PrivateFrameworks/Apple80211.framework/Versions/A/Apple80211
0x000000002dfac000 	/System/Library/Frameworks/CoreWLAN.framework/Versions/A/CoreWLAN
0x000000002dfac000 	/System/Library/PrivateFrameworks/CoreUtils.framework/Versions/A/CoreUtils
0x000000002dfac000 	/System/Library/Frameworks/IOBluetooth.framework/Versions/A/IOBluetooth
0x000000002dfac000 	/System/Library/PrivateFrameworks/CoreWiFi.framework/Versions/A/CoreWiFi
0x000000002dfac000 	/System/Library/Frameworks/CoreBluetooth.framework/Versions/A/CoreBluetooth
0x000000002dfac000 	/System/Library/Frameworks/CoreDisplay.framework/Versions/A/CoreDisplay
0x000000002dfac000 	/System/Library/PrivateFrameworks/IOPresentment.framework/Versions/A/IOPresentment
0x000000002dfac000 	/System/Library/PrivateFrameworks/DSExternalDisplay.framework/Versions/A/DSExternalDisplay
0x000000002dfac000 	/System/Library/PrivateFrameworks/DebugSymbols.framework/Versions/A/DebugSymbols
0x000000002dfac000 	/System/Library/PrivateFrameworks/CoreSymbolication.framework/Versions/A/CoreSymbolication
0x000000002dfac000 	/System/Library/PrivateFrameworks/Symbolication.framework/Versions/A/Symbolication
0x000000002dfac000 	/System/Library/PrivateFrameworks/AppleFSCompression.framework/Versions/A/AppleFSCompression
0x000000002dfac000 	/System/Library/PrivateFrameworks/SpeechRecognitionCore.framework/Versions/A/SpeechRecognitionCore
0x000000002dfac000 	/System/Library/PrivateFrameworks/ChunkingLibrary.framework/Versions/A/ChunkingLibrary
0x0000000110800000 	/Library/Java/JavaVirtualMachines/jdk1.8.0_144.jdk/Contents/Home/jre/lib/server/libjvm.dylib
0x000000002dfac000 	/usr/lib/libstdc++.6.dylib
0x000000010ff10000 	/Library/Java/JavaVirtualMachines/jdk1.8.0_144.jdk/Contents/Home/jre/lib/libverify.dylib
0x000000010ff1e000 	/Library/Java/JavaVirtualMachines/jdk1.8.0_144.jdk/Contents/Home/jre/lib/libjava.dylib
0x000000010ff54000 	/Library/Java/JavaVirtualMachines/jdk1.8.0_144.jdk/Contents/Home/jre/lib/libinstrument.dylib
0x000000010ffb2000 	/Library/Java/JavaVirtualMachines/jdk1.8.0_144.jdk/Contents/Home/jre/lib/libzip.dylib
0x000000010ffe3000 	/System/Library/Frameworks/JavaVM.framework/Frameworks/JavaRuntimeSupport.framework/JavaRuntimeSupport
0x000000011319b000 	/System/Library/Frameworks/JavaVM.framework/Versions/A/Frameworks/JavaNativeFoundation.framework/Versions/A/JavaNativeFoundation
0x0000000127163000 	/System/Library/Frameworks/JavaVM.framework/Versions/A/JavaVM
0x000000002dfac000 	/System/Library/Frameworks/Carbon.framework/Versions/A/Carbon
0x0000000127170000 	/System/Library/PrivateFrameworks/JavaLaunching.framework/Versions/A/JavaLaunching
0x000000002dfac000 	/System/Library/Frameworks/Carbon.framework/Versions/A/Frameworks/CommonPanels.framework/Versions/A/CommonPanels
0x000000002dfac000 	/System/Library/Frameworks/Carbon.framework/Versions/A/Frameworks/Help.framework/Versions/A/Help
0x000000002dfac000 	/System/Library/Frameworks/Carbon.framework/Versions/A/Frameworks/ImageCapture.framework/Versions/A/ImageCapture
0x000000002dfac000 	/System/Library/Frameworks/Carbon.framework/Versions/A/Frameworks/OpenScripting.framework/Versions/A/OpenScripting
0x000000002dfac000 	/System/Library/Frameworks/Carbon.framework/Versions/A/Frameworks/Print.framework/Versions/A/Print
0x000000002dfac000 	/System/Library/Frameworks/Carbon.framework/Versions/A/Frameworks/SecurityHI.framework/Versions/A/SecurityHI
0x0000000128bcd000 	/Library/Java/JavaVirtualMachines/jdk1.8.0_144.jdk/Contents/Home/jre/lib/libnet.dylib
0x0000000128cc2000 	/Library/Java/JavaVirtualMachines/jdk1.8.0_144.jdk/Contents/Home/jre/lib/libprism_es2.dylib
0x0000000128d28000 	/System/Library/Frameworks/OpenGL.framework/Resources/GLEngine.bundle/GLEngine
0x000000002dfac000 	/System/Library/Frameworks/OpenGL.framework/Versions/A/Libraries/libGLProgrammability.dylib
0x0000000128f0d000 	/System/Library/Extensions/AppleIntelBDWGraphicsGLDriver.bundle/Contents/MacOS/AppleIntelBDWGraphicsGLDriver
0x000000002dfac000 	/System/Library/PrivateFrameworks/GPUSupport.framework/Versions/A/Libraries/libGPUSupportMercury.dylib
0x000000012967a000 	/System/Library/Frameworks/OpenGL.framework/Resources//GLRendererFloat.bundle/GLRendererFloat
0x000000002dfac000 	/System/Library/Frameworks/OpenCL.framework/Versions/A/Libraries/libcldcpuengine.dylib
0x000000002dfac000 	/usr/lib/libcrypto.0.9.8.dylib
0x000000002dfac000 	/System/Library/PrivateFrameworks/TrustEvaluationAgent.framework/Versions/A/TrustEvaluationAgent
0x0000000129a9d000 	/Library/Java/JavaVirtualMachines/jdk1.8.0_144.jdk/Contents/Home/jre/lib/libglass.dylib
0x000000002dfac000 	/System/Library/PrivateFrameworks/CoreServicesInternal.framework/Versions/A/CoreServicesInternal
0x000000002dfac000 	/System/Library/CoreServices/RawCamera.bundle/Contents/MacOS/RawCamera
0x000000002dfac000 	/System/Library/Frameworks/Accelerate.framework/Versions/A/Frameworks/vImage.framework/Versions/A/Libraries/libCGInterfaces.dylib
0x000000002dfac000 	/System/Library/PrivateFrameworks/FamilyControls.framework/Versions/A/FamilyControls
0x000000002dfac000 	/System/Library/PrivateFrameworks/CommerceKit.framework/Versions/A/Frameworks/CommerceCore.framework/Versions/A/CommerceCore
0x000000002dfac000 	/System/Library/PrivateFrameworks/SystemAdministration.framework/Versions/A/SystemAdministration
0x000000002dfac000 	/System/Library/PrivateFrameworks/AppContainer.framework/Versions/A/AppContainer
0x000000002dfac000 	/System/Library/PrivateFrameworks/SecCodeWrapper.framework/Versions/A/SecCodeWrapper
0x000000002dfac000 	/System/Library/Frameworks/DirectoryService.framework/Versions/A/DirectoryService
0x000000002dfac000 	/System/Library/PrivateFrameworks/DiskImages.framework/Versions/A/DiskImages
0x000000002dfac000 	/System/Library/PrivateFrameworks/LoginUIKit.framework/Versions/A/Frameworks/LoginUICore.framework/Versions/A/LoginUICore
0x000000002dfac000 	/usr/lib/libCoreStorage.dylib
0x000000002dfac000 	/usr/lib/libcsfde.dylib
0x000000002dfac000 	/usr/lib/libodfde.dylib
0x000000002dfac000 	/System/Library/Frameworks/DiscRecording.framework/Versions/A/DiscRecording
0x000000002dfac000 	/usr/lib/libcurl.4.dylib
0x000000002dfac000 	/System/Library/PrivateFrameworks/MediaKit.framework/Versions/A/MediaKit
0x000000002dfac000 	/System/Library/PrivateFrameworks/ProtectedCloudStorage.framework/Versions/A/ProtectedCloudStorage
0x000000002dfac000 	/System/Library/PrivateFrameworks/EFILogin.framework/Versions/A/EFILogin
0x000000002dfac000 	/usr/lib/libutil.dylib
0x000000002dfac000 	/System/Library/Frameworks/LDAP.framework/Versions/A/LDAP
0x000000002dfac000 	/usr/lib/libsasl2.2.dylib
0x000000002dfac000 	/System/Library/PrivateFrameworks/CoreDaemon.framework/Versions/B/CoreDaemon
0x000000002dfac000 	/System/Library/PrivateFrameworks/AppleSRP.framework/Versions/A/AppleSRP
0x000000002dfac000 	/System/Library/PrivateFrameworks/APFS.framework/Versions/A/APFS
0x0000000129b15000 	/Library/Java/JavaVirtualMachines/jdk1.8.0_144.jdk/Contents/Home/jre/lib/libjavafx_font.dylib
0x000000002dfac000 	/System/Library/Frameworks/ApplicationServices.framework/Versions/A/Frameworks/ATS.framework/Versions/A/Resources/libTrueTypeScaler.dylib
0x000000012d31d000 	/Library/Java/JavaVirtualMachines/jdk1.8.0_144.jdk/Contents/Home/jre/lib/libjavafx_iio.dylib
0x000000012e653000 	/System/Library/Extensions/AppleIntelBDWGraphicsMTLDriver.bundle/Contents/MacOS/AppleIntelBDWGraphicsMTLDriver
0x000000002dfac000 	/System/Library/PrivateFrameworks/ViewBridge.framework/Versions/A/ViewBridge
0x000000002dfac000 	/System/Library/PrivateFrameworks/XPCService.framework/Versions/A/XPCService
0x000000002dfac000 	/System/Library/PrivateFrameworks/AppSandbox.framework/Versions/A/AppSandbox
0x000000002dfac000 	/usr/lib/libsandbox.1.dylib
0x000000002dfac000 	/usr/lib/libMatch.1.dylib
0x000000012fae2000 	/Library/Java/JavaVirtualMachines/jdk1.8.0_144.jdk/Contents/Home/jre/lib/libprism_common.dylib
0x00000001302af000 	/Library/Java/JavaVirtualMachines/jdk1.8.0_144.jdk/Contents/Home/jre/lib/libawt.dylib
0x0000000130357000 	/Library/Java/JavaVirtualMachines/jdk1.8.0_144.jdk/Contents/Home/jre/lib/./libmlib_image.dylib
0x0000000130423000 	/Library/Java/JavaVirtualMachines/jdk1.8.0_144.jdk/Contents/Home/jre/lib/libawt_lwawt.dylib
0x00000001304da000 	/Library/Java/JavaVirtualMachines/jdk1.8.0_144.jdk/Contents/Home/jre/lib/./libosxapp.dylib
0x000000002dfac000 	/System/Library/Frameworks/ExceptionHandling.framework/Versions/A/ExceptionHandling
0x0000000130efa000 	/Library/Java/JavaVirtualMachines/jdk1.8.0_144.jdk/Contents/Home/jre/lib/libfontmanager.dylib
0x0000000130f61000 	/Library/Java/JavaVirtualMachines/jdk1.8.0_144.jdk/Contents/Home/jre/lib/libosxui.dylib
0x0000000132060000 	/Library/Java/JavaVirtualMachines/jdk1.8.0_144.jdk/Contents/Home/jre/lib/libnio.dylib
0x000000019b13f000 	/Library/Java/JavaVirtualMachines/jdk1.8.0_144.jdk/Contents/Home/jre/lib/libdcpr.dylib

VM Arguments:
jvm_args: -javaagent:/Applications/IntelliJ IDEA CE.app/Contents/lib/idea_rt.jar=57568:/Applications/IntelliJ IDEA CE.app/Contents/bin -Dfile.encoding=UTF-8 
java_command: View.Main
java_class_path (initial): /Library/Java/JavaVirtualMachines/jdk1.8.0_144.jdk/Contents/Home/jre/lib/charsets.jar:/Library/Java/JavaVirtualMachines/jdk1.8.0_144.jdk/Contents/Home/jre/lib/deploy.jar:/Library/Java/JavaVirtualMachines/jdk1.8.0_144.jdk/Contents/Home/jre/lib/ext/cldrdata.jar:/Library/Java/JavaVirtualMachines/jdk1.8.0_144.jdk/Contents/Home/jre/lib/ext/dnsns.jar:/Library/Java/JavaVirtualMachines/jdk1.8.0_144.jdk/Contents/Home/jre/lib/ext/jaccess.jar:/Library/Java/JavaVirtualMachines/jdk1.8.0_144.jdk/Contents/Home/jre/lib/ext/jfxrt.jar:/Library/Java/JavaVirtualMachines/jdk1.8.0_144.jdk/Contents/Home/jre/lib/ext/localedata.jar:/Library/Java/JavaVirtualMachines/jdk1.8.0_144.jdk/Contents/Home/jre/lib/ext/nashorn.jar:/Library/Java/JavaVirtualMachines/jdk1.8.0_144.jdk/Contents/Home/jre/lib/ext/sunec.jar:/Library/Java/JavaVirtualMachines/jdk1.8.0_144.jdk/Contents/Home/jre/lib/ext/sunjce_provider.jar:/Library/Java/JavaVirtualMachines/jdk1.8.0_144.jdk/Contents/Home/jre/lib/ext/sunpkcs11.jar:/Library/Java/JavaVirtualMachines/jdk1.8.0_144.jdk/Contents/Home/jre/lib/ext/zipfs.jar:/Library/Java/JavaVirtualMachines/jdk1.8.0_144.jdk/Contents/Home/jre/lib/javaws.jar:/Library/Java/JavaVirtualMachines/jdk1.8.0_144.jdk/Contents/Home/jre/lib/jce.jar:/Library/Java/JavaVirtualMachines/jdk1.8.0_144.jdk/Contents/Home/jre/lib/jfr.jar:/Library/Java/JavaVirtualMachines/jdk1.8.0_144.jdk/Contents/Home/jre/lib/jfxswt.jar:/Library/Java/JavaVirtualMachines/jdk1.8.0_144.jdk/Contents/Home/jre/lib/jsse.jar:/Library/Java/JavaVirtualMachines/jdk1.8.0_144.jdk/Contents/Home/jre/lib/management-agent.jar:/Library/Java/JavaVirtualMachines/jdk1.8.0_144.jdk/Contents/Home/jre/lib/plugin.jar:/Library/Java/JavaVirtualMachines/jdk1.8.0_144.jdk/Contents/Home/jre/lib/resources.jar:/Library/Java/JavaVirtualMachines/jdk1.8.0_144.jdk/Contents/Home/jre/lib/rt.jar:/Library/Java/JavaVirtualMachines/jdk1.8.0_144.jdk/Contents/Home/lib/ant-javafx.jar:/Library/Java/JavaVirtualMachines/jdk1.8.0_144.jdk/Contents/Home
Launcher Type: SUN_STANDARD

Environment Variables:
PATH=/usr/local/bin:/usr/bin:/bin:/usr/sbin:/sbin
SHELL=/bin/bash

Signal Handlers:
SIGSEGV: [libjvm.dylib+0x5b26e5], sa_mask[0]=11111111011111110111111111111111, sa_flags=SA_ONSTACK|SA_RESTART|SA_SIGINFO
SIGBUS: [libjvm.dylib+0x5b26e5], sa_mask[0]=11111111011111110111111111111111, sa_flags=SA_RESTART|SA_SIGINFO
SIGFPE: [libjvm.dylib+0x489100], sa_mask[0]=11111111011111110111111111111111, sa_flags=SA_RESTART|SA_SIGINFO
SIGPIPE: [libjvm.dylib+0x489100], sa_mask[0]=11111111011111110111111111111111, sa_flags=SA_RESTART|SA_SIGINFO
SIGXFSZ: [libjvm.dylib+0x489100], sa_mask[0]=11111111011111110111111111111111, sa_flags=SA_RESTART|SA_SIGINFO
SIGILL: [libjvm.dylib+0x489100], sa_mask[0]=11111111011111110111111111111111, sa_flags=SA_RESTART|SA_SIGINFO
SIGUSR1: SIG_DFL, sa_mask[0]=00000000000000000000000000000000, sa_flags=none
SIGUSR2: [libjvm.dylib+0x488c1e], sa_mask[0]=00100000000000000000000000000000, sa_flags=SA_RESTART|SA_SIGINFO
SIGHUP: [libjvm.dylib+0x4871f5], sa_mask[0]=11111111011111110111111111111111, sa_flags=SA_RESTART|SA_SIGINFO
SIGINT: [libjvm.dylib+0x4871f5], sa_mask[0]=11111111011111110111111111111111, sa_flags=SA_RESTART|SA_SIGINFO
SIGTERM: [libjvm.dylib+0x4871f5], sa_mask[0]=11111111011111110111111111111111, sa_flags=SA_RESTART|SA_SIGINFO
SIGQUIT: [libjvm.dylib+0x4871f5], sa_mask[0]=11111111011111110111111111111111, sa_flags=SA_RESTART|SA_SIGINFO


---------------  S Y S T E M  ---------------

OS:Bsduname:Darwin 16.7.0 Darwin Kernel Version 16.7.0: Thu Jan 11 22:59:40 PST 2018; root:xnu-3789.73.8~1/RELEASE_X86_64 x86_64
rlimit: STACK 8192k, CORE 0k, NPROC 709, NOFILE 10240, AS infinity
load average:2.21 1.78 2.07

CPU:total 4 (initial active 4) (2 cores per cpu, 2 threads per core) family 6 model 61 stepping 4, cmov, cx8, fxsr, mmx, sse, sse2, sse3, ssse3, sse4.1, sse4.2, popcnt, avx, avx2, aes, clmul, erms, 3dnowpref, lzcnt, ht, tsc, tscinvbit, bmi1, bmi2, adx

Memory: 4k page, physical 8388608k(429884k free)

/proc/meminfo:


vm_info: Java HotSpot(TM) 64-Bit Server VM (25.144-b01) for bsd-amd64 JRE (1.8.0_144-b01), built on Jul 21 2017 22:07:42 by "java_re" with gcc 4.2.1 (Based on Apple Inc. build 5658) (LLVM build 2336.11.00)

time: Tue Feb 27 14:05:33 2018
elapsed time: 9 seconds (0d 0h 0m 9s)

